#
# A fatal error has been detected by the Java Runtime Environment:
#
#  SIGSEGV (0xb) at pc=0x00007fff93ada026, pid=15054, tid=3335
#
# JRE version: Java(TM) SE Runtime Environment (8.0_25-b17) (build 1.8.0_25-b17)
# Java VM: Java HotSpot(TM) 64-Bit Server VM (25.25-b02 mixed mode bsd-amd64 compressed oops)
# Problematic frame:
# C  [GLEngine+0x140026]  gleRunVertexSubmitImmediate+0x2626
#
# Failed to write core dump. Core dumps have been disabled. To enable core dumping, try "ulimit -c unlimited" before starting Java again
#
# If you would like to submit a bug report, please visit:
#   http://bugreport.sun.com/bugreport/crash.jsp
# The crash happened outside the Java Virtual Machine in native code.
# See problematic frame for where to report the bug.
#

---------------  T H R E A D  ---------------

Current thread (0x00007fd8e2808000):  JavaThread "main" [_thread_in_native, id=3335, stack(0x00007fff5af09000,0x00007fff5b709000)]

siginfo: si_signo: 11 (SIGSEGV), si_code: 1 (SEGV_MAPERR), si_addr: 0x0000000000000000

Registers:
RAX=0x00007fff93ada026, RBX=0x0000000000000006, RCX=0x0000000000000000, RDX=0x00007fff93ada708
RSP=0x00007fff5b705bf0, RBP=0x00007fff5b705e40, RSI=0x0000000000000005, RDI=0x0000000000040800
R8 =0x0000000000040800, R9 =0x00007fd8e5800000, R10=0x00007fd8e3179f80, R11=0x00007fd8e5800000
R12=0x0000000000000002, R13=0x0000000000040800, R14=0x00007fd8e3179f80, R15=0x0000000000000000
RIP=0x00007fff93ada026, EFLAGS=0x0000000000010213, ERR=0x0000000000000004
  TRAPNO=0x000000000000000e

Top of Stack: (sp=0x00007fff5b705bf0)
0x00007fff5b705bf0:   0082000600000000 0000000100080000
0x00007fff5b705c00:   0000000000000001 000000011f680b01
0x00007fff5b705c10:   00007fff5b705c70 00001234401d697f
0x00007fff5b705c20:   00000000000000cf 0000000000000000
0x00007fff5b705c30:   0000000000000000 0000000000000000
0x00007fff5b705c40:   5500a3371043d272 0000000000000000
0x00007fff5b705c50:   00007fd8e4051048 0000000121eda000
0x00007fff5b705c60:   0000000000000001 0000000000000002
0x00007fff5b705c70:   0280000000000000 0000000000000010
0x00007fff5b705c80:   00007fff5b705d70 0000123440305d72
0x00007fff5b705c90:   0000000000000000 0000000121eda000
0x00007fff5b705ca0:   000000050000007f 000000011f67f000
0x00007fff5b705cb0:   00007fd8e382d400 00007fd8e6000068
0x00007fff5b705cc0:   00007fd8e5800150 00007fd8e5800180
0x00007fff5b705cd0:   00007fd8e5800160 00007fd8e5800190
0x00007fff5b705ce0:   00007fd8e5800170 00007fd8e58001b0
0x00007fff5b705cf0:   0000000000000000 0000000000000000
0x00007fff5b705d00:   fffffffe00000001 0000000000000000
0x00007fff5b705d10:   0000000000000081 0000000000000001
0x00007fff5b705d20:   ffffffff00000000 0000000000000001
0x00007fff5b705d30:   00007fd8e58001a0 0000000000000000
0x00007fff5b705d40:   0000000000000000 00007fff8912e4a9
0x00007fff5b705d50:   0000083200000000 00007fff5b705df4
0x00007fff5b705d60:   0000000000102000 0000000000000000
0x00007fff5b705d70:   00007fff5b705dec 00007fd8e3179f04
0x00007fff5b705d80:   0000000000123f1e 000001001f67f000
0x00007fff5b705d90:   0000000000000000 0000000000000000
0x00007fff5b705da0:   0000000000000000 0000000000000000
0x00007fff5b705db0:   0000000000000003 0000000000000000
0x00007fff5b705dc0:   00007fd8e3179ee8 0000000000000000
0x00007fff5b705dd0:   0000000000000000 0000000122499000
0x00007fff5b705de0:   0000000122499018 0000000000000000 

Instructions: (pc=0x00007fff93ada026)
0x00007fff93ada006:   41 0f 59 81 80 01 00 00 66 49 0f 7e c6 66 0f 6d
0x00007fff93ada016:   c0 66 49 0f 7e c7 bb 09 00 00 00 e9 7a 04 00 00
0x00007fff93ada026:   f2 0f 10 01 f2 0f 11 85 70 ff ff ff 4d 89 de e9
0x00007fff93ada036:   66 04 00 00 f2 0f 10 01 f2 0f 11 85 70 ff ff ff 

Register to memory mapping:

RAX=0x00007fff93ada026: gleRunVertexSubmitImmediate+0x2626 in /System/Library/Frameworks/OpenGL.framework/Versions/A/Resources/GLEngine.bundle/GLEngine at 0x00007fff9399a000
RBX=0x0000000000000006 is an unknown value
RCX=0x0000000000000000 is an unknown value
RDX=0x00007fff93ada708: gleRunVertexSubmitImmediate+0x2d08 in /System/Library/Frameworks/OpenGL.framework/Versions/A/Resources/GLEngine.bundle/GLEngine at 0x00007fff9399a000
RSP=0x00007fff5b705bf0 is pointing into the stack for thread: 0x00007fd8e2808000
RBP=0x00007fff5b705e40 is pointing into the stack for thread: 0x00007fd8e2808000
RSI=0x0000000000000005 is an unknown value
RDI=0x0000000000040800 is an unknown value
R8 =0x0000000000040800 is an unknown value
R9 =0x00007fd8e5800000 is an unknown value
R10=0x00007fd8e3179f80 is an unknown value
R11=0x00007fd8e5800000 is an unknown value
R12=0x0000000000000002 is an unknown value
R13=0x0000000000040800 is an unknown value
R14=0x00007fd8e3179f80 is an unknown value
R15=0x0000000000000000 is an unknown value


Stack: [0x00007fff5af09000,0x00007fff5b709000],  sp=0x00007fff5b705bf0,  free space=8178k
Native frames: (J=compiled Java code, j=interpreted, Vv=VM code, C=native code)
C  [GLEngine+0x140026]  gleRunVertexSubmitImmediate+0x2626
C  [GLEngine+0xa6493]  glDrawArrays_GL3Exec+0x2ba
j  org.lwjgl.system.JNI.callIIIV(JIII)V+0
j  org.lwjgl.opengl.GL11.glDrawArrays(III)V+11
j  testing.Test.main([Ljava/lang/String;)V+278
v  ~StubRoutines::call_stub
V  [libjvm.dylib+0x2d4516]  JavaCalls::call_helper(JavaValue*, methodHandle*, JavaCallArguments*, Thread*)+0x6ae
V  [libjvm.dylib+0x30958b]  jni_invoke_static(JNIEnv_*, JavaValue*, _jobject*, JNICallType, _jmethodID*, JNI_ArgumentPusher*, Thread*)+0x1bf
V  [libjvm.dylib+0x302785]  jni_CallStaticVoidMethod+0x15d
C  [java+0x2c82]  JavaMain+0x998
C  [java+0x4848]  -[JavaLaunchHelper launchJava:]+0x2a
C  [Foundation+0x6375e]  __NSThreadPerformPerform+0xe5
C  [CoreFoundation+0x7f5b1]  __CFRUNLOOP_IS_CALLING_OUT_TO_A_SOURCE0_PERFORM_FUNCTION__+0x11
C  [CoreFoundation+0x70c62]  __CFRunLoopDoSources0+0xf2
C  [CoreFoundation+0x703ef]  __CFRunLoopRun+0x33f
C  [CoreFoundation+0x6fe75]  CFRunLoopRunSpecific+0x135
C  [java+0x56cc]  CreateExecutionEnvironment+0x367
C  [java+0x165c]  JLI_Launch+0x7a0
C  [java+0x768a]  main+0x65
C  [java+0xeb4]  start+0x34
C  0x0000000000000007

Java frames: (J=compiled Java code, j=interpreted, Vv=VM code)
j  org.lwjgl.system.JNI.callIIIV(JIII)V+0
j  org.lwjgl.opengl.GL11.glDrawArrays(III)V+11
j  testing.Test.main([Ljava/lang/String;)V+278
v  ~StubRoutines::call_stub

---------------  P R O C E S S  ---------------

Java Threads: ( => current thread )
  0x00007fd8e4024000 JavaThread "Service Thread" daemon [_thread_blocked, id=21763, stack(0x000000011dcde000,0x000000011ddde000)]
  0x00007fd8e4003800 JavaThread "C1 CompilerThread3" daemon [_thread_blocked, id=21251, stack(0x000000011dbdb000,0x000000011dcdb000)]
  0x00007fd8e4002800 JavaThread "C2 CompilerThread2" daemon [_thread_blocked, id=20739, stack(0x000000011dad8000,0x000000011dbd8000)]
  0x00007fd8e4002000 JavaThread "C2 CompilerThread1" daemon [_thread_blocked, id=20227, stack(0x000000011d9d5000,0x000000011dad5000)]
  0x00007fd8e4000000 JavaThread "C2 CompilerThread0" daemon [_thread_blocked, id=19715, stack(0x000000011d8d2000,0x000000011d9d2000)]
  0x00007fd8e2806000 JavaThread "Signal Dispatcher" daemon [_thread_blocked, id=19207, stack(0x000000011d7cf000,0x000000011d8cf000)]
  0x00007fd8e2815800 JavaThread "Finalizer" daemon [_thread_blocked, id=16643, stack(0x000000011d686000,0x000000011d786000)]
  0x00007fd8e2005000 JavaThread "Reference Handler" daemon [_thread_blocked, id=16131, stack(0x000000011d583000,0x000000011d683000)]
=>0x00007fd8e2808000 JavaThread "main" [_thread_in_native, id=3335, stack(0x00007fff5af09000,0x00007fff5b709000)]

Other Threads:
  0x00007fd8e0854800 VMThread [stack: 0x000000011d480000,0x000000011d580000] [id=15619]
  0x00007fd8e2845800 WatcherThread [stack: 0x000000011dde1000,0x000000011dee1000] [id=22275]

VM state:not at safepoint (normal execution)

VM Mutex/Monitor currently owned by a thread: None

Heap:
 PSYoungGen      total 38400K, used 15107K [0x0000000795580000, 0x0000000798000000, 0x00000007c0000000)
  eden space 33280K, 45% used [0x0000000795580000,0x0000000796440ef8,0x0000000797600000)
  from space 5120K, 0% used [0x0000000797b00000,0x0000000797b00000,0x0000000798000000)
  to   space 5120K, 0% used [0x0000000797600000,0x0000000797600000,0x0000000797b00000)
 ParOldGen       total 87552K, used 0K [0x0000000740000000, 0x0000000745580000, 0x0000000795580000)
  object space 87552K, 0% used [0x0000000740000000,0x0000000740000000,0x0000000745580000)
 Metaspace       used 7319K, capacity 8240K, committed 8576K, reserved 1056768K
  class space    used 542K, capacity 552K, committed 640K, reserved 1048576K

Card table byte_map: [0x0000000115a48000,0x0000000115e49000] byte_map_base: 0x0000000112048000

Marking Bits: (ParMarkBitMap*) 0x0000000105eb0390
 Begin Bits: [0x000000011690c000, 0x000000011890c000)
 End Bits:   [0x000000011890c000, 0x000000011a90c000)

Polling page: 0x00000001045f9000

CodeCache: size=245760Kb used=2092Kb max_used=2104Kb free=243667Kb
 bounds [0x0000000106688000, 0x00000001068f8000, 0x0000000115688000]
 total_blobs=1002 nmethods=354 adapters=563
 compilation: enabled

Compilation events (10 events):
Event: 1.318 Thread 0x00007fd8e4003800  350       3       java.lang.ClassLoader::compareCerts (149 bytes)
Event: 1.319 Thread 0x00007fd8e4003800 nmethod 350 0x000000010688f450 code [0x000000010688f640, 0x000000010688fef8]
Event: 1.321 Thread 0x00007fd8e4003800  351   !   3       sun.misc.URLClassPath$JarLoader::checkResource (55 bytes)
Event: 1.322 Thread 0x00007fd8e4003800 nmethod 351 0x00000001068901d0 code [0x00000001068903a0, 0x0000000106890a08]
Event: 1.325 Thread 0x00007fd8e4003800  352       3       java.util.zip.ZipFile::getZipEntry (239 bytes)
Event: 1.325 Thread 0x00007fd8e4003800 nmethod 352 0x0000000106891350 code [0x00000001068915c0, 0x0000000106892158]
Event: 1.328 Thread 0x00007fd8e4002800  353       4       java.lang.String::substring (79 bytes)
Event: 1.331 Thread 0x00007fd8e4002800 nmethod 353 0x0000000106895c50 code [0x0000000106895dc0, 0x0000000106896138]
Event: 1.333 Thread 0x00007fd8e4000000  354       4       java.lang.AbstractStringBuilder::append (50 bytes)
Event: 1.337 Thread 0x00007fd8e4000000 nmethod 354 0x0000000106893ed0 code [0x0000000106894040, 0x0000000106894418]

GC Heap History (0 events):
No events

Deoptimization events (0 events):
No events

Internal exceptions (10 events):
Event: 1.330 Thread 0x00007fd8e2808000 Exception <a 'java/security/PrivilegedActionException'> (0x00000007963f6a00) thrown at [/HUDSON3/workspace/8-2-build-macosx-x86_64/jdk8u25/1514/hotspot/src/share/vm/prims/jvm.cpp, line 1312]
Event: 1.331 Thread 0x00007fd8e2808000 Exception <a 'java/security/PrivilegedActionException'> (0x00000007963fda70) thrown at [/HUDSON3/workspace/8-2-build-macosx-x86_64/jdk8u25/1514/hotspot/src/share/vm/prims/jvm.cpp, line 1312]
Event: 1.331 Thread 0x00007fd8e2808000 Exception <a 'java/security/PrivilegedActionException'> (0x0000000796404b20) thrown at [/HUDSON3/workspace/8-2-build-macosx-x86_64/jdk8u25/1514/hotspot/src/share/vm/prims/jvm.cpp, line 1312]
Event: 1.333 Thread 0x00007fd8e2808000 Exception <a 'java/security/PrivilegedActionException'> (0x0000000796411750) thrown at [/HUDSON3/workspace/8-2-build-macosx-x86_64/jdk8u25/1514/hotspot/src/share/vm/prims/jvm.cpp, line 1312]
Event: 1.333 Thread 0x00007fd8e2808000 Exception <a 'java/security/PrivilegedActionException'> (0x0000000796416a00) thrown at [/HUDSON3/workspace/8-2-build-macosx-x86_64/jdk8u25/1514/hotspot/src/share/vm/prims/jvm.cpp, line 1312]
Event: 1.333 Thread 0x00007fd8e2808000 Exception <a 'java/security/PrivilegedActionException'> (0x000000079641b280) thrown at [/HUDSON3/workspace/8-2-build-macosx-x86_64/jdk8u25/1514/hotspot/src/share/vm/prims/jvm.cpp, line 1312]
Event: 1.334 Thread 0x00007fd8e2808000 Exception <a 'java/security/PrivilegedActionException'> (0x000000079641fa70) thrown at [/HUDSON3/workspace/8-2-build-macosx-x86_64/jdk8u25/1514/hotspot/src/share/vm/prims/jvm.cpp, line 1312]
Event: 1.334 Thread 0x00007fd8e2808000 Exception <a 'java/security/PrivilegedActionException'> (0x0000000796424d60) thrown at [/HUDSON3/workspace/8-2-build-macosx-x86_64/jdk8u25/1514/hotspot/src/share/vm/prims/jvm.cpp, line 1312]
Event: 1.334 Thread 0x00007fd8e2808000 Exception <a 'java/security/PrivilegedActionException'> (0x00000007964289d8) thrown at [/HUDSON3/workspace/8-2-build-macosx-x86_64/jdk8u25/1514/hotspot/src/share/vm/prims/jvm.cpp, line 1312]
Event: 1.351 Thread 0x00007fd8e2808000 Exception <a 'java/security/PrivilegedActionException'> (0x00000007964343e0) thrown at [/HUDSON3/workspace/8-2-build-macosx-x86_64/jdk8u25/1514/hotspot/src/share/vm/prims/jvm.cpp, line 1312]

Events (10 events):
Event: 1.334 loading class java/lang/IndexOutOfBoundsException
Event: 1.334 loading class java/lang/IndexOutOfBoundsException done
Event: 1.334 loading class org/lwjgl/PointerBuffer$x64
Event: 1.334 loading class org/lwjgl/PointerBuffer$x64 done
Event: 1.334 loading class org/lwjgl/PointerBuffer$Factory
Event: 1.334 loading class org/lwjgl/PointerBuffer$Factory done
Event: 1.334 loading class org/lwjgl/PointerBuffer$x64$1
Event: 1.334 loading class org/lwjgl/PointerBuffer$x64$1 done
Event: 1.351 loading class org/lwjgl/opengl/GLChecks
Event: 1.351 loading class org/lwjgl/opengl/GLChecks done


Dynamic libraries:
0x00000000062c2000 	/System/Library/Frameworks/Cocoa.framework/Versions/A/Cocoa
0x00000000062c2000 	/System/Library/Frameworks/Security.framework/Versions/A/Security
0x00000000062c2000 	/System/Library/Frameworks/ApplicationServices.framework/Versions/A/ApplicationServices
0x00000000062c2000 	/usr/lib/libz.1.dylib
0x00000000062c2000 	/usr/lib/libSystem.B.dylib
0x00000000062c2000 	/usr/lib/libobjc.A.dylib
0x00000000062c2000 	/System/Library/Frameworks/CoreFoundation.framework/Versions/A/CoreFoundation
0x00000000062c2000 	/System/Library/Frameworks/Foundation.framework/Versions/C/Foundation
0x00000000062c2000 	/System/Library/Frameworks/AppKit.framework/Versions/C/AppKit
0x00000000062c2000 	/System/Library/Frameworks/CoreData.framework/Versions/A/CoreData
0x00000000062c2000 	/System/Library/PrivateFrameworks/RemoteViewServices.framework/Versions/A/RemoteViewServices
0x00000000062c2000 	/System/Library/Frameworks/AudioToolbox.framework/Versions/A/AudioToolbox
0x00000000062c2000 	/System/Library/Frameworks/AudioUnit.framework/Versions/A/AudioUnit
0x00000000062c2000 	/System/Library/PrivateFrameworks/DataDetectorsCore.framework/Versions/A/DataDetectorsCore
0x00000000062c2000 	/System/Library/PrivateFrameworks/DesktopServicesPriv.framework/Versions/A/DesktopServicesPriv
0x00000000062c2000 	/System/Library/Frameworks/Carbon.framework/Versions/A/Frameworks/HIToolbox.framework/Versions/A/HIToolbox
0x00000000062c2000 	/System/Library/Frameworks/QuartzCore.framework/Versions/A/QuartzCore
0x00000000062c2000 	/System/Library/Frameworks/Carbon.framework/Versions/A/Frameworks/SpeechRecognition.framework/Versions/A/SpeechRecognition
0x00000000062c2000 	/usr/lib/libauto.dylib
0x00000000062c2000 	/usr/lib/libicucore.A.dylib
0x00000000062c2000 	/usr/lib/libxml2.2.dylib
0x00000000062c2000 	/System/Library/PrivateFrameworks/CoreUI.framework/Versions/A/CoreUI
0x00000000062c2000 	/System/Library/Frameworks/CoreAudio.framework/Versions/A/CoreAudio
0x00000000062c2000 	/System/Library/Frameworks/DiskArbitration.framework/Versions/A/DiskArbitration
0x00000000062c2000 	/usr/lib/liblangid.dylib
0x00000000062c2000 	/System/Library/PrivateFrameworks/MultitouchSupport.framework/Versions/A/MultitouchSupport
0x00000000062c2000 	/System/Library/Frameworks/IOKit.framework/Versions/A/IOKit
0x00000000062c2000 	/usr/lib/libDiagnosticMessagesClient.dylib
0x00000000062c2000 	/System/Library/Frameworks/CoreServices.framework/Versions/A/CoreServices
0x00000000062c2000 	/System/Library/PrivateFrameworks/PerformanceAnalysis.framework/Versions/A/PerformanceAnalysis
0x00000000062c2000 	/System/Library/PrivateFrameworks/GenerationalStorage.framework/Versions/A/GenerationalStorage
0x00000000062c2000 	/System/Library/Frameworks/OpenGL.framework/Versions/A/OpenGL
0x00000000062c2000 	/System/Library/PrivateFrameworks/Sharing.framework/Versions/A/Sharing
0x00000000062c2000 	/System/Library/Frameworks/ImageIO.framework/Versions/A/ImageIO
0x00000000062c2000 	/System/Library/Frameworks/CoreText.framework/Versions/A/CoreText
0x00000000062c2000 	/System/Library/Frameworks/CoreGraphics.framework/Versions/A/CoreGraphics
0x00000000062c2000 	/System/Library/PrivateFrameworks/Backup.framework/Versions/A/Backup
0x00000000062c2000 	/System/Library/Frameworks/CFNetwork.framework/Versions/A/CFNetwork
0x00000000062c2000 	/System/Library/Frameworks/SystemConfiguration.framework/Versions/A/SystemConfiguration
0x00000000062c2000 	/usr/lib/libCRFSuite.dylib
0x00000000062c2000 	/usr/lib/libc++.1.dylib
0x00000000062c2000 	/usr/lib/libc++abi.dylib
0x00000000062c2000 	/usr/lib/system/libcache.dylib
0x00000000062c2000 	/usr/lib/system/libcommonCrypto.dylib
0x00000000062c2000 	/usr/lib/system/libcompiler_rt.dylib
0x00000000062c2000 	/usr/lib/system/libcopyfile.dylib
0x00000000062c2000 	/usr/lib/system/libcorecrypto.dylib
0x00000000062c2000 	/usr/lib/system/libdispatch.dylib
0x00000000062c2000 	/usr/lib/system/libdyld.dylib
0x00000000062c2000 	/usr/lib/system/libkeymgr.dylib
0x00000000062c2000 	/usr/lib/system/liblaunch.dylib
0x00000000062c2000 	/usr/lib/system/libmacho.dylib
0x00000000062c2000 	/usr/lib/system/libquarantine.dylib
0x00000000062c2000 	/usr/lib/system/libremovefile.dylib
0x00000000062c2000 	/usr/lib/system/libsystem_asl.dylib
0x00000000062c2000 	/usr/lib/system/libsystem_blocks.dylib
0x00000000062c2000 	/usr/lib/system/libsystem_c.dylib
0x00000000062c2000 	/usr/lib/system/libsystem_configuration.dylib
0x00000000062c2000 	/usr/lib/system/libsystem_dnssd.dylib
0x00000000062c2000 	/usr/lib/system/libsystem_info.dylib
0x00000000062c2000 	/usr/lib/system/libsystem_kernel.dylib
0x00000000062c2000 	/usr/lib/system/libsystem_m.dylib
0x00000000062c2000 	/usr/lib/system/libsystem_malloc.dylib
0x00000000062c2000 	/usr/lib/system/libsystem_network.dylib
0x00000000062c2000 	/usr/lib/system/libsystem_notify.dylib
0x00000000062c2000 	/usr/lib/system/libsystem_platform.dylib
0x00000000062c2000 	/usr/lib/system/libsystem_pthread.dylib
0x00000000062c2000 	/usr/lib/system/libsystem_sandbox.dylib
0x00000000062c2000 	/usr/lib/system/libsystem_stats.dylib
0x00000000062c2000 	/usr/lib/system/libunc.dylib
0x00000000062c2000 	/usr/lib/system/libunwind.dylib
0x00000000062c2000 	/usr/lib/system/libxpc.dylib
0x00000000062c2000 	/usr/lib/libbsm.0.dylib
0x00000000062c2000 	/usr/lib/libsqlite3.dylib
0x00000000062c2000 	/usr/lib/libxar.1.dylib
0x00000000062c2000 	/usr/lib/libpam.2.dylib
0x00000000062c2000 	/usr/lib/libOpenScriptingUtil.dylib
0x00000000062c2000 	/usr/lib/libbz2.1.0.dylib
0x00000000062c2000 	/System/Library/Frameworks/CoreServices.framework/Versions/A/Frameworks/CarbonCore.framework/Versions/A/CarbonCore
0x00000000062c2000 	/System/Library/Frameworks/CoreServices.framework/Versions/A/Frameworks/Metadata.framework/Versions/A/Metadata
0x00000000062c2000 	/System/Library/Frameworks/CoreServices.framework/Versions/A/Frameworks/OSServices.framework/Versions/A/OSServices
0x00000000062c2000 	/System/Library/Frameworks/CoreServices.framework/Versions/A/Frameworks/SearchKit.framework/Versions/A/SearchKit
0x00000000062c2000 	/System/Library/Frameworks/CoreServices.framework/Versions/A/Frameworks/AE.framework/Versions/A/AE
0x00000000062c2000 	/System/Library/Frameworks/CoreServices.framework/Versions/A/Frameworks/LaunchServices.framework/Versions/A/LaunchServices
0x00000000062c2000 	/System/Library/Frameworks/CoreServices.framework/Versions/A/Frameworks/DictionaryServices.framework/Versions/A/DictionaryServices
0x00000000062c2000 	/System/Library/Frameworks/NetFS.framework/Versions/A/NetFS
0x00000000062c2000 	/usr/lib/system/libkxld.dylib
0x00000000062c2000 	/System/Library/PrivateFrameworks/NetAuth.framework/Versions/A/NetAuth
0x00000000062c2000 	/System/Library/PrivateFrameworks/TCC.framework/Versions/A/TCC
0x00000000062c2000 	/System/Library/Frameworks/OpenDirectory.framework/Versions/A/Frameworks/CFOpenDirectory.framework/Versions/A/CFOpenDirectory
0x00000000062c2000 	/System/Library/Frameworks/ServiceManagement.framework/Versions/A/ServiceManagement
0x00000000062c2000 	/usr/lib/libxslt.1.dylib
0x00000000062c2000 	/System/Library/Frameworks/Carbon.framework/Versions/A/Frameworks/Ink.framework/Versions/A/Ink
0x00000000062c2000 	/System/Library/Frameworks/ApplicationServices.framework/Versions/A/Frameworks/ATS.framework/Versions/A/ATS
0x00000000062c2000 	/System/Library/Frameworks/ApplicationServices.framework/Versions/A/Frameworks/ColorSync.framework/Versions/A/ColorSync
0x00000000062c2000 	/System/Library/Frameworks/ApplicationServices.framework/Versions/A/Frameworks/HIServices.framework/Versions/A/HIServices
0x00000000062c2000 	/System/Library/Frameworks/ApplicationServices.framework/Versions/A/Frameworks/LangAnalysis.framework/Versions/A/LangAnalysis
0x00000000062c2000 	/System/Library/Frameworks/ApplicationServices.framework/Versions/A/Frameworks/PrintCore.framework/Versions/A/PrintCore
0x00000000062c2000 	/System/Library/Frameworks/ApplicationServices.framework/Versions/A/Frameworks/QD.framework/Versions/A/QD
0x00000000062c2000 	/System/Library/Frameworks/ApplicationServices.framework/Versions/A/Frameworks/SpeechSynthesis.framework/Versions/A/SpeechSynthesis
0x00000000062c2000 	/System/Library/Frameworks/IOSurface.framework/Versions/A/IOSurface
0x00000000062c2000 	/System/Library/Frameworks/Accelerate.framework/Versions/A/Accelerate
0x00000000062c2000 	/System/Library/Frameworks/Accelerate.framework/Versions/A/Frameworks/vImage.framework/Versions/A/vImage
0x00000000062c2000 	/System/Library/Frameworks/Accelerate.framework/Versions/A/Frameworks/vecLib.framework/Versions/A/vecLib
0x00000000062c2000 	/System/Library/Frameworks/Accelerate.framework/Versions/A/Frameworks/vecLib.framework/Versions/A/libvDSP.dylib
0x00000000062c2000 	/System/Library/Frameworks/Accelerate.framework/Versions/A/Frameworks/vecLib.framework/Versions/A/libvMisc.dylib
0x00000000062c2000 	/System/Library/Frameworks/Accelerate.framework/Versions/A/Frameworks/vecLib.framework/Versions/A/libLAPACK.dylib
0x00000000062c2000 	/System/Library/Frameworks/Accelerate.framework/Versions/A/Frameworks/vecLib.framework/Versions/A/libBLAS.dylib
0x00000000062c2000 	/System/Library/Frameworks/ApplicationServices.framework/Versions/A/Frameworks/ATS.framework/Versions/A/Resources/libFontParser.dylib
0x00000000062c2000 	/System/Library/Frameworks/ApplicationServices.framework/Versions/A/Frameworks/ATS.framework/Versions/A/Resources/libFontRegistry.dylib
0x00000000062c2000 	/System/Library/Frameworks/ImageIO.framework/Versions/A/Resources/libJPEG.dylib
0x00000000062c2000 	/System/Library/Frameworks/ImageIO.framework/Versions/A/Resources/libTIFF.dylib
0x00000000062c2000 	/System/Library/Frameworks/ImageIO.framework/Versions/A/Resources/libPng.dylib
0x00000000062c2000 	/System/Library/Frameworks/ImageIO.framework/Versions/A/Resources/libGIF.dylib
0x00000000062c2000 	/System/Library/Frameworks/ImageIO.framework/Versions/A/Resources/libJP2.dylib
0x00000000062c2000 	/System/Library/Frameworks/ImageIO.framework/Versions/A/Resources/libRadiance.dylib
0x00000000062c2000 	/usr/lib/libcups.2.dylib
0x00000000062c2000 	/System/Library/Frameworks/Kerberos.framework/Versions/A/Kerberos
0x00000000062c2000 	/System/Library/Frameworks/GSS.framework/Versions/A/GSS
0x00000000062c2000 	/usr/lib/libresolv.9.dylib
0x00000000062c2000 	/usr/lib/libiconv.2.dylib
0x00000000062c2000 	/System/Library/PrivateFrameworks/Heimdal.framework/Versions/A/Heimdal
0x00000000062c2000 	/System/Library/PrivateFrameworks/TrustEvaluationAgent.framework/Versions/A/TrustEvaluationAgent
0x00000000062c2000 	/usr/lib/libheimdal-asn1.dylib
0x00000000062c2000 	/System/Library/Frameworks/OpenDirectory.framework/Versions/A/OpenDirectory
0x00000000062c2000 	/System/Library/PrivateFrameworks/CommonAuth.framework/Versions/A/CommonAuth
0x00000000062c2000 	/System/Library/Frameworks/SecurityFoundation.framework/Versions/A/SecurityFoundation
0x00000000062c2000 	/System/Library/PrivateFrameworks/Bom.framework/Versions/A/Bom
0x00000000062c2000 	/System/Library/Frameworks/CoreVideo.framework/Versions/A/CoreVideo
0x00000000062c2000 	/System/Library/Frameworks/QuartzCore.framework/Versions/A/Frameworks/CoreImage.framework/Versions/A/CoreImage
0x00000000062c2000 	/System/Library/Frameworks/QuartzCore.framework/Versions/A/Frameworks/ScalableUserInterface.framework/Versions/A/ScalableUserInterface
0x00000000062c2000 	/System/Library/Frameworks/OpenGL.framework/Versions/A/Libraries/libGLU.dylib
0x00000000062c2000 	/System/Library/Frameworks/OpenGL.framework/Versions/A/Libraries/libGFXShared.dylib
0x00000000062c2000 	/System/Library/Frameworks/OpenGL.framework/Versions/A/Libraries/libGL.dylib
0x00000000062c2000 	/System/Library/Frameworks/OpenGL.framework/Versions/A/Libraries/libGLImage.dylib
0x00000000062c2000 	/System/Library/Frameworks/OpenGL.framework/Versions/A/Libraries/libCVMSPluginSupport.dylib
0x00000000062c2000 	/System/Library/Frameworks/OpenGL.framework/Versions/A/Libraries/libCoreVMClient.dylib
0x00000000062c2000 	/System/Library/PrivateFrameworks/FaceCore.framework/Versions/A/FaceCore
0x00000000062c2000 	/System/Library/PrivateFrameworks/CrashReporterSupport.framework/Versions/A/CrashReporterSupport
0x00000000062c2000 	/System/Library/Frameworks/OpenCL.framework/Versions/A/OpenCL
0x00000000062c2000 	/System/Library/PrivateFrameworks/AppleFSCompression.framework/Versions/A/AppleFSCompression
0x00000000062c2000 	/System/Library/PrivateFrameworks/Ubiquity.framework/Versions/A/Ubiquity
0x00000000062c2000 	/System/Library/PrivateFrameworks/IconServices.framework/Versions/A/IconServices
0x00000000062c2000 	/System/Library/PrivateFrameworks/ChunkingLibrary.framework/Versions/A/ChunkingLibrary
0x00000000062c2000 	/System/Library/PrivateFrameworks/CoreSymbolication.framework/Versions/A/CoreSymbolication
0x00000000062c2000 	/System/Library/PrivateFrameworks/Symbolication.framework/Versions/A/Symbolication
0x00000000062c2000 	/System/Library/PrivateFrameworks/DebugSymbols.framework/Versions/A/DebugSymbols
0x0000000105613000 	/Library/Java/JavaVirtualMachines/jdk1.8.0_25.jdk/Contents/Home/jre/lib/server/libjvm.dylib
0x00000000062c2000 	/usr/lib/libstdc++.6.dylib
0x0000000106635000 	/Library/Java/JavaVirtualMachines/jdk1.8.0_25.jdk/Contents/Home/jre/lib/libverify.dylib
0x0000000106643000 	/Library/Java/JavaVirtualMachines/jdk1.8.0_25.jdk/Contents/Home/jre/lib/libjava.dylib
0x000000010667f000 	/Library/Java/JavaVirtualMachines/jdk1.8.0_25.jdk/Contents/Home/jre/lib/libzip.dylib
0x000000011d788000 	/System/Library/Frameworks/JavaVM.framework/Frameworks/JavaRuntimeSupport.framework/JavaRuntimeSupport
0x000000011d7a0000 	/System/Library/Frameworks/JavaVM.framework/Versions/A/Frameworks/JavaNativeFoundation.framework/Versions/A/JavaNativeFoundation
0x000000011d7b5000 	/System/Library/Frameworks/JavaVM.framework/Versions/A/JavaVM
0x00000000062c2000 	/System/Library/Frameworks/Carbon.framework/Versions/A/Carbon
0x000000011d7c2000 	/System/Library/PrivateFrameworks/JavaLaunching.framework/Versions/A/JavaLaunching
0x00000000062c2000 	/System/Library/Frameworks/Carbon.framework/Versions/A/Frameworks/CommonPanels.framework/Versions/A/CommonPanels
0x00000000062c2000 	/System/Library/Frameworks/Carbon.framework/Versions/A/Frameworks/Help.framework/Versions/A/Help
0x00000000062c2000 	/System/Library/Frameworks/Carbon.framework/Versions/A/Frameworks/ImageCapture.framework/Versions/A/ImageCapture
0x00000000062c2000 	/System/Library/Frameworks/Carbon.framework/Versions/A/Frameworks/OpenScripting.framework/Versions/A/OpenScripting
0x00000000062c2000 	/System/Library/Frameworks/Carbon.framework/Versions/A/Frameworks/Print.framework/Versions/A/Print
0x00000000062c2000 	/System/Library/Frameworks/Carbon.framework/Versions/A/Frameworks/SecurityHI.framework/Versions/A/SecurityHI
0x000000011df71000 	/Users/Simon/Documents/SpaceGame/lib/natives/liblwjgl.dylib
0x000000011dfd2000 	/Users/Simon/Documents/SpaceGame/lib/natives/libjemalloc.dylib
0x000000011e00c000 	/Users/Simon/Documents/SpaceGame/lib/natives/libglfw.dylib
0x00000000062c2000 	/System/Library/PrivateFrameworks/CoreServicesInternal.framework/Versions/A/CoreServicesInternal
0x00000000062c2000 	/System/Library/PrivateFrameworks/Librarian.framework/Versions/A/Librarian
0x00000000062c2000 	/System/Library/PrivateFrameworks/FamilyControls.framework/Versions/A/FamilyControls
0x00000000062c2000 	/System/Library/PrivateFrameworks/CommerceKit.framework/Versions/A/Frameworks/CommerceCore.framework/Versions/A/CommerceCore
0x00000000062c2000 	/System/Library/PrivateFrameworks/SystemAdministration.framework/Versions/A/SystemAdministration
0x00000000062c2000 	/System/Library/Frameworks/DirectoryService.framework/Versions/A/DirectoryService
0x00000000062c2000 	/System/Library/PrivateFrameworks/DiskImages.framework/Versions/A/DiskImages
0x00000000062c2000 	/System/Library/PrivateFrameworks/LoginUIKit.framework/Versions/A/Frameworks/LoginUICore.framework/Versions/A/LoginUICore
0x00000000062c2000 	/usr/lib/libCoreStorage.dylib
0x00000000062c2000 	/usr/lib/libcsfde.dylib
0x00000000062c2000 	/usr/lib/libodfde.dylib
0x00000000062c2000 	/System/Library/Frameworks/DiscRecording.framework/Versions/A/DiscRecording
0x00000000062c2000 	/usr/lib/libcurl.4.dylib
0x00000000062c2000 	/System/Library/PrivateFrameworks/MediaKit.framework/Versions/A/MediaKit
0x00000000062c2000 	/System/Library/PrivateFrameworks/EFILogin.framework/Versions/A/EFILogin
0x00000000062c2000 	/usr/lib/libutil.dylib
0x00000000062c2000 	/System/Library/PrivateFrameworks/AOSNotification.framework/Versions/A/AOSNotification
0x00000000062c2000 	/System/Library/Frameworks/LDAP.framework/Versions/A/LDAP
0x00000000062c2000 	/usr/lib/libsasl2.2.dylib
0x00000000062c2000 	/usr/lib/libcrypto.0.9.8.dylib
0x00000000062c2000 	/usr/lib/libssl.0.9.8.dylib
0x00000000062c2000 	/System/Library/Frameworks/CoreGraphics.framework/Versions/A/Resources/libCGCMS.A.dylib
0x00000000062c2000 	/System/Library/Frameworks/CoreGraphics.framework/Versions/A/Resources/libRIP.A.dylib
0x00000000062c2000 	/System/Library/Frameworks/OpenGL.framework/Versions/A/Resources/GLEngine.bundle/GLEngine
0x00000000062c2000 	/System/Library/Frameworks/OpenGL.framework/Versions/A/Libraries/libGLProgrammability.dylib
0x00000001210a9000 	/System/Library/Extensions/AppleIntelHD4000GraphicsGLDriver.bundle/Contents/MacOS/AppleIntelHD4000GraphicsGLDriver
0x00000000062c2000 	/System/Library/PrivateFrameworks/IOAccelerator.framework/Versions/A/IOAccelerator
0x00000000062c2000 	/System/Library/PrivateFrameworks/GPUSupport.framework/Versions/A/Libraries/libGPUSupportMercury.dylib
0x0000000000000000 	/System/Library/Extensions/GeForceGLDriver.bundle/Contents/MacOS/GeForceGLDriver
0x00000000062c2000 	/System/Library/Extensions/GeForceGLDriver.bundle/Contents/MacOS/libclh.dylib
0x00000000062c2000 	/System/Library/Frameworks/OpenGL.framework/Versions/A/Resources/GLRendererFloat.bundle/GLRendererFloat
0x00000000062c2000 	/System/Library/Frameworks/OpenCL.framework/Versions/A/Libraries/libcldcpuengine.dylib
0x00000000062c2000 	/System/Library/Frameworks/CoreGraphics.framework/Versions/A/Resources/libCGXType.A.dylib

VM Arguments:
jvm_args: -Djava.library.path=/Users/Simon/Documents/SpaceGame/lib/natives -Dfile.encoding=UTF-8 
java_command: testing.Test
java_class_path (initial): /Users/Simon/Documents/SpaceGame/bin:/Users/Simon/Documents/SpaceGame/lib/jars/lwjgl.jar
Launcher Type: SUN_STANDARD

Environment Variables:
PATH=/usr/bin:/bin:/usr/sbin:/sbin
SHELL=/bin/bash
DISPLAY=/tmp/launch-QUo86Z/org.macosforge.xquartz:0

Signal Handlers:
SIGSEGV: [libjvm.dylib+0x579dc7], sa_mask[0]=11111111011111110111111111111111, sa_flags=SA_ONSTACK|SA_RESTART|SA_SIGINFO
SIGBUS: [libjvm.dylib+0x579dc7], sa_mask[0]=11111111011111110111111111111111, sa_flags=SA_RESTART|SA_SIGINFO
SIGFPE: [libjvm.dylib+0x45b030], sa_mask[0]=11111111011111110111111111111111, sa_flags=SA_RESTART|SA_SIGINFO
SIGPIPE: [libjvm.dylib+0x45b030], sa_mask[0]=11111111011111110111111111111111, sa_flags=SA_RESTART|SA_SIGINFO
SIGXFSZ: [libjvm.dylib+0x45b030], sa_mask[0]=11111111011111110111111111111111, sa_flags=SA_RESTART|SA_SIGINFO
SIGILL: [libjvm.dylib+0x45b030], sa_mask[0]=11111111011111110111111111111111, sa_flags=SA_RESTART|SA_SIGINFO
SIGUSR1: SIG_DFL, sa_mask[0]=00000000000000000000000000000000, sa_flags=SA_RESTART
SIGUSR2: [libjvm.dylib+0x45ab4e], sa_mask[0]=00100000000000000000000000000000, sa_flags=SA_RESTART|SA_SIGINFO
SIGHUP: [libjvm.dylib+0x459121], sa_mask[0]=11111111011111110111111111111111, sa_flags=SA_RESTART|SA_SIGINFO
SIGINT: [libjvm.dylib+0x459121], sa_mask[0]=11111111011111110111111111111111, sa_flags=SA_RESTART|SA_SIGINFO
SIGTERM: [libjvm.dylib+0x459121], sa_mask[0]=11111111011111110111111111111111, sa_flags=SA_RESTART|SA_SIGINFO
SIGQUIT: [libjvm.dylib+0x459121], sa_mask[0]=11111111011111110111111111111111, sa_flags=SA_RESTART|SA_SIGINFO


---------------  S Y S T E M  ---------------

OS:Bsduname:Darwin 13.4.0 Darwin Kernel Version 13.4.0: Wed Mar 18 16:20:14 PDT 2015; root:xnu-2422.115.14~1/RELEASE_X86_64 x86_64
rlimit: STACK 8192k, CORE 0k, NPROC 709, NOFILE 10240, AS infinity
load average:2.78 1.79 1.56

CPU:total 8 (4 cores per cpu, 2 threads per core) family 6 model 58 stepping 9, cmov, cx8, fxsr, mmx, sse, sse2, sse3, ssse3, sse4.1, sse4.2, popcnt, avx, aes, clmul, erms, ht, tsc, tscinvbit, tscinv

Memory: 4k page, physical 8388608k(4048436k free)

/proc/meminfo:


vm_info: Java HotSpot(TM) 64-Bit Server VM (25.25-b02) for bsd-amd64 JRE (1.8.0_25-b17), built on Sep 17 2014 16:56:50 by "java_re" with gcc 4.2.1 (Based on Apple Inc. build 5658) (LLVM build 2336.11.00)

time: Wed May 11 12:46:29 2016
elapsed time: 1 seconds (0d 0h 0m 1s)

