#
# A fatal error has been detected by the Java Runtime Environment:
#
#  SIGSEGV (0xb) at pc=0x00007fff93ada026, pid=14670, tid=3335
#
# JRE version: Java(TM) SE Runtime Environment (8.0_25-b17) (build 1.8.0_25-b17)
# Java VM: Java HotSpot(TM) 64-Bit Server VM (25.25-b02 mixed mode bsd-amd64 compressed oops)
# Problematic frame:
# C  [GLEngine+0x140026]  gleRunVertexSubmitImmediate+0x2626
#
# Failed to write core dump. Core dumps have been disabled. To enable core dumping, try "ulimit -c unlimited" before starting Java again
#
# If you would like to submit a bug report, please visit:
#   http://bugreport.sun.com/bugreport/crash.jsp
# The crash happened outside the Java Virtual Machine in native code.
# See problematic frame for where to report the bug.
#

---------------  T H R E A D  ---------------

Current thread (0x00007ff34b804000):  JavaThread "main" [_thread_in_native, id=3335, stack(0x00007fff5aacc000,0x00007fff5b2cc000)]

siginfo: si_signo: 11 (SIGSEGV), si_code: 1 (SEGV_MAPERR), si_addr: 0x0000000000000000

Registers:
RAX=0x00007fff93ada026, RBX=0x0000000000000006, RCX=0x0000000000000000, RDX=0x00007fff93ada708
RSP=0x00007fff5b2c8bf0, RBP=0x00007fff5b2c8e40, RSI=0x0000000000000005, RDI=0x0000000000040800
R8 =0x0000000000040800, R9 =0x00007ff34f800000, R10=0x00007ff34ada01f0, R11=0x00007ff34f800000
R12=0x0000000000000002, R13=0x0000000000040800, R14=0x00007ff34ada01f0, R15=0x0000000000000000
RIP=0x00007fff93ada026, EFLAGS=0x0000000000010213, ERR=0x0000000000000004
  TRAPNO=0x000000000000000e

Top of Stack: (sp=0x00007fff5b2c8bf0)
0x00007fff5b2c8bf0:   0082000600000000 0000000100080000
0x00007fff5b2c8c00:   0000000000000001 000000011e5a5b01
0x00007fff5b2c8c10:   00007fff5b2c8c70 00001234401d697f
0x00007fff5b2c8c20:   00000000000000cf 0000000000000000
0x00007fff5b2c8c30:   0000000000000000 0000000000000000
0x00007fff5b2c8c40:   7f00f7e31a03e676 0000000000000000
0x00007fff5b2c8c50:   00007ff34c895248 00000001223da000
0x00007fff5b2c8c60:   0000000000000001 0000000000000002
0x00007fff5b2c8c70:   0280000000000000 0000000000000010
0x00007fff5b2c8c80:   00007fff5b2c8d70 0000123440305d72
0x00007fff5b2c8c90:   0000000000000000 00000001223da000
0x00007fff5b2c8ca0:   000000050000007f 000000011e5a4000
0x00007fff5b2c8cb0:   00007ff34b9a2200 00007ff34f832468
0x00007fff5b2c8cc0:   00007ff34f800150 00007ff34f800180
0x00007fff5b2c8cd0:   00007ff34f800160 00007ff34f800190
0x00007fff5b2c8ce0:   00007ff34f800170 00007ff34f8001b0
0x00007fff5b2c8cf0:   0000000000000000 0000000000000000
0x00007fff5b2c8d00:   fffffffe00000001 0000000000000000
0x00007fff5b2c8d10:   0000000000000081 0000000000000001
0x00007fff5b2c8d20:   ffffffff00000000 0000000000000001
0x00007fff5b2c8d30:   00007ff34f8001a0 0000000000000000
0x00007fff5b2c8d40:   0000000000000000 00007fff8912e4a9
0x00007fff5b2c8d50:   0000083200000000 00007fff5b2c8df4
0x00007fff5b2c8d60:   0000000000102000 0000000000000000
0x00007fff5b2c8d70:   00007fff5b2c8dec 00007ff34ada0174
0x00007fff5b2c8d80:   000000000012180e 000001001e5a4000
0x00007fff5b2c8d90:   0000000000000000 0000000000000000
0x00007fff5b2c8da0:   0000000000000000 0000000000000000
0x00007fff5b2c8db0:   0000000000000003 0000000000000000
0x00007fff5b2c8dc0:   00007ff34ada0158 0000000000000000
0x00007fff5b2c8dd0:   0000000000000000 0000000122958000
0x00007fff5b2c8de0:   0000000122958018 0000000000000000 

Instructions: (pc=0x00007fff93ada026)
0x00007fff93ada006:   41 0f 59 81 80 01 00 00 66 49 0f 7e c6 66 0f 6d
0x00007fff93ada016:   c0 66 49 0f 7e c7 bb 09 00 00 00 e9 7a 04 00 00
0x00007fff93ada026:   f2 0f 10 01 f2 0f 11 85 70 ff ff ff 4d 89 de e9
0x00007fff93ada036:   66 04 00 00 f2 0f 10 01 f2 0f 11 85 70 ff ff ff 

Register to memory mapping:

RAX=0x00007fff93ada026: gleRunVertexSubmitImmediate+0x2626 in /System/Library/Frameworks/OpenGL.framework/Versions/A/Resources/GLEngine.bundle/GLEngine at 0x00007fff9399a000
RBX=0x0000000000000006 is an unknown value
RCX=0x0000000000000000 is an unknown value
RDX=0x00007fff93ada708: gleRunVertexSubmitImmediate+0x2d08 in /System/Library/Frameworks/OpenGL.framework/Versions/A/Resources/GLEngine.bundle/GLEngine at 0x00007fff9399a000
RSP=0x00007fff5b2c8bf0 is pointing into the stack for thread: 0x00007ff34b804000
RBP=0x00007fff5b2c8e40 is pointing into the stack for thread: 0x00007ff34b804000
RSI=0x0000000000000005 is an unknown value
RDI=0x0000000000040800 is an unknown value
R8 =0x0000000000040800 is an unknown value
R9 =0x00007ff34f800000 is an unknown value
R10=0x00007ff34ada01f0 is an unknown value
R11=0x00007ff34f800000 is an unknown value
R12=0x0000000000000002 is an unknown value
R13=0x0000000000040800 is an unknown value
R14=0x00007ff34ada01f0 is an unknown value
R15=0x0000000000000000 is an unknown value


Stack: [0x00007fff5aacc000,0x00007fff5b2cc000],  sp=0x00007fff5b2c8bf0,  free space=8178k
Native frames: (J=compiled Java code, j=interpreted, Vv=VM code, C=native code)
C  [GLEngine+0x140026]  gleRunVertexSubmitImmediate+0x2626
C  [GLEngine+0xa6493]  glDrawArrays_GL3Exec+0x2ba
j  org.lwjgl.system.JNI.callIIIV(JIII)V+0
j  org.lwjgl.opengl.GL11.glDrawArrays(III)V+11
j  testing.Test.main([Ljava/lang/String;)V+278
v  ~StubRoutines::call_stub
V  [libjvm.dylib+0x2d4516]
V  [libjvm.dylib+0x30958b]
V  [libjvm.dylib+0x302785]
C  [java+0x2c82]  JavaMain+0x998
C  [java+0x4848]  -[JavaLaunchHelper launchJava:]+0x2a
C  [Foundation+0x6375e]  __NSThreadPerformPerform+0xe5
C  [CoreFoundation+0x7f5b1]  __CFRUNLOOP_IS_CALLING_OUT_TO_A_SOURCE0_PERFORM_FUNCTION__+0x11
C  [CoreFoundation+0x70c62]  __CFRunLoopDoSources0+0xf2
C  [CoreFoundation+0x703ef]  __CFRunLoopRun+0x33f
C  [CoreFoundation+0x6fe75]  CFRunLoopRunSpecific+0x135
C  [java+0x56cc]  CreateExecutionEnvironment+0x367
C  [java+0x165c]  JLI_Launch+0x7a0
C  [java+0x768a]  main+0x65
C  [java+0xeb4]  start+0x34
C  0x0000000000000007

Java frames: (J=compiled Java code, j=interpreted, Vv=VM code)
j  org.lwjgl.system.JNI.callIIIV(JIII)V+0
j  org.lwjgl.opengl.GL11.glDrawArrays(III)V+11
j  testing.Test.main([Ljava/lang/String;)V+278
v  ~StubRoutines::call_stub

---------------  P R O C E S S  ---------------

Java Threads: ( => current thread )
  0x00007ff34c82e000 JavaThread "Service Thread" daemon [_thread_blocked, id=21763, stack(0x000000011e118000,0x000000011e218000)]
  0x00007ff34c009000 JavaThread "C1 CompilerThread3" daemon [_thread_blocked, id=21251, stack(0x000000011e015000,0x000000011e115000)]
  0x00007ff34c008000 JavaThread "C2 CompilerThread2" daemon [_thread_blocked, id=20739, stack(0x000000011df12000,0x000000011e012000)]
  0x00007ff34c007800 JavaThread "C2 CompilerThread1" daemon [_thread_blocked, id=20227, stack(0x000000011de0f000,0x000000011df0f000)]
  0x00007ff34c006000 JavaThread "C2 CompilerThread0" daemon [_thread_blocked, id=19715, stack(0x000000011dd0c000,0x000000011de0c000)]
  0x00007ff34c82d000 JavaThread "Signal Dispatcher" daemon [_thread_blocked, id=19207, stack(0x000000011dc09000,0x000000011dd09000)]
  0x00007ff34c80f800 JavaThread "Finalizer" daemon [_thread_blocked, id=16643, stack(0x000000011daca000,0x000000011dbca000)]
  0x00007ff34c80f000 JavaThread "Reference Handler" daemon [_thread_blocked, id=16131, stack(0x000000011d9c7000,0x000000011dac7000)]
=>0x00007ff34b804000 JavaThread "main" [_thread_in_native, id=3335, stack(0x00007fff5aacc000,0x00007fff5b2cc000)]

Other Threads:
  0x00007ff34b85f800 VMThread [stack: 0x000000011d8c4000,0x000000011d9c4000] [id=15619]
  0x00007ff34c814800 WatcherThread [stack: 0x000000011e21b000,0x000000011e31b000] [id=22275]

VM state:not at safepoint (normal execution)

VM Mutex/Monitor currently owned by a thread: None

Heap:
 PSYoungGen      total 38400K, used 15092K [0x0000000795580000, 0x0000000798000000, 0x00000007c0000000)
  eden space 33280K, 45% used [0x0000000795580000,0x000000079643d2c0,0x0000000797600000)
  from space 5120K, 0% used [0x0000000797b00000,0x0000000797b00000,0x0000000798000000)
  to   space 5120K, 0% used [0x0000000797600000,0x0000000797600000,0x0000000797b00000)
 ParOldGen       total 87552K, used 0K [0x0000000740000000, 0x0000000745580000, 0x0000000795580000)
  object space 87552K, 0% used [0x0000000740000000,0x0000000740000000,0x0000000745580000)
 Metaspace       used 7318K, capacity 8240K, committed 8576K, reserved 1056768K
  class space    used 542K, capacity 552K, committed 640K, reserved 1048576K

Card table byte_map: [0x0000000115edc000,0x00000001162dd000] byte_map_base: 0x00000001124dc000

Marking Bits: (ParMarkBitMap*) 0x000000010649d390
 Begin Bits: [0x0000000116da0000, 0x0000000118da0000)
 End Bits:   [0x0000000118da0000, 0x000000011ada0000)

Polling page: 0x0000000104b91000

CodeCache: size=245760Kb used=2077Kb max_used=2089Kb free=243682Kb
 bounds [0x0000000106b1c000, 0x0000000106d8c000, 0x0000000115b1c000]
 total_blobs=1001 nmethods=353 adapters=563
 compilation: enabled

Compilation events (10 events):
Event: 0.426 Thread 0x00007ff34c009000  349       3       java.lang.ClassLoader::compareCerts (149 bytes)
Event: 0.426 Thread 0x00007ff34c009000 nmethod 349 0x0000000106d1fd50 code [0x0000000106d1ff40, 0x0000000106d207f8]
Event: 0.429 Thread 0x00007ff34c009000  350   !   3       sun.misc.URLClassPath$JarLoader::checkResource (55 bytes)
Event: 0.429 Thread 0x00007ff34c009000 nmethod 350 0x0000000106d20ad0 code [0x0000000106d20ca0, 0x0000000106d21308]
Event: 0.432 Thread 0x00007ff34c009000  351       3       java.util.zip.ZipFile::getZipEntry (239 bytes)
Event: 0.433 Thread 0x00007ff34c009000 nmethod 351 0x0000000106d21a50 code [0x0000000106d21cc0, 0x0000000106d22858]
Event: 0.436 Thread 0x00007ff34c006000  352       4       java.lang.String::substring (79 bytes)
Event: 0.439 Thread 0x00007ff34c006000 nmethod 352 0x0000000106d26350 code [0x0000000106d264c0, 0x0000000106d26838]
Event: 0.440 Thread 0x00007ff34c007800  353       4       java.lang.AbstractStringBuilder::append (50 bytes)
Event: 0.444 Thread 0x00007ff34c007800 nmethod 353 0x0000000106d245d0 code [0x0000000106d24740, 0x0000000106d24b18]

GC Heap History (0 events):
No events

Deoptimization events (0 events):
No events

Internal exceptions (10 events):
Event: 0.438 Thread 0x00007ff34b804000 Exception <a 'java/security/PrivilegedActionException'> (0x00000007963f7940) thrown at [/HUDSON3/workspace/8-2-build-macosx-x86_64/jdk8u25/1514/hotspot/src/share/vm/prims/jvm.cpp, line 1312]
Event: 0.438 Thread 0x00007ff34b804000 Exception <a 'java/security/PrivilegedActionException'> (0x00000007963fe9b0) thrown at [/HUDSON3/workspace/8-2-build-macosx-x86_64/jdk8u25/1514/hotspot/src/share/vm/prims/jvm.cpp, line 1312]
Event: 0.438 Thread 0x00007ff34b804000 Exception <a 'java/security/PrivilegedActionException'> (0x0000000796405a60) thrown at [/HUDSON3/workspace/8-2-build-macosx-x86_64/jdk8u25/1514/hotspot/src/share/vm/prims/jvm.cpp, line 1312]
Event: 0.440 Thread 0x00007ff34b804000 Exception <a 'java/security/PrivilegedActionException'> (0x0000000796412690) thrown at [/HUDSON3/workspace/8-2-build-macosx-x86_64/jdk8u25/1514/hotspot/src/share/vm/prims/jvm.cpp, line 1312]
Event: 0.440 Thread 0x00007ff34b804000 Exception <a 'java/security/PrivilegedActionException'> (0x0000000796417940) thrown at [/HUDSON3/workspace/8-2-build-macosx-x86_64/jdk8u25/1514/hotspot/src/share/vm/prims/jvm.cpp, line 1312]
Event: 0.440 Thread 0x00007ff34b804000 Exception <a 'java/security/PrivilegedActionException'> (0x000000079641c1c0) thrown at [/HUDSON3/workspace/8-2-build-macosx-x86_64/jdk8u25/1514/hotspot/src/share/vm/prims/jvm.cpp, line 1312]
Event: 0.441 Thread 0x00007ff34b804000 Exception <a 'java/security/PrivilegedActionException'> (0x00000007964209b0) thrown at [/HUDSON3/workspace/8-2-build-macosx-x86_64/jdk8u25/1514/hotspot/src/share/vm/prims/jvm.cpp, line 1312]
Event: 0.441 Thread 0x00007ff34b804000 Exception <a 'java/security/PrivilegedActionException'> (0x0000000796425ca0) thrown at [/HUDSON3/workspace/8-2-build-macosx-x86_64/jdk8u25/1514/hotspot/src/share/vm/prims/jvm.cpp, line 1312]
Event: 0.442 Thread 0x00007ff34b804000 Exception <a 'java/security/PrivilegedActionException'> (0x0000000796429918) thrown at [/HUDSON3/workspace/8-2-build-macosx-x86_64/jdk8u25/1514/hotspot/src/share/vm/prims/jvm.cpp, line 1312]
Event: 0.458 Thread 0x00007ff34b804000 Exception <a 'java/security/PrivilegedActionException'> (0x0000000796435320) thrown at [/HUDSON3/workspace/8-2-build-macosx-x86_64/jdk8u25/1514/hotspot/src/share/vm/prims/jvm.cpp, line 1312]

Events (10 events):
Event: 0.441 loading class java/lang/IndexOutOfBoundsException
Event: 0.441 loading class java/lang/IndexOutOfBoundsException done
Event: 0.441 loading class org/lwjgl/PointerBuffer$x64
Event: 0.441 loading class org/lwjgl/PointerBuffer$x64 done
Event: 0.441 loading class org/lwjgl/PointerBuffer$Factory
Event: 0.441 loading class org/lwjgl/PointerBuffer$Factory done
Event: 0.442 loading class org/lwjgl/PointerBuffer$x64$1
Event: 0.442 loading class org/lwjgl/PointerBuffer$x64$1 done
Event: 0.458 loading class org/lwjgl/opengl/GLChecks
Event: 0.458 loading class org/lwjgl/opengl/GLChecks done


Dynamic libraries:
0x00000000062c2000 	/System/Library/Frameworks/Cocoa.framework/Versions/A/Cocoa
0x00000000062c2000 	/System/Library/Frameworks/Security.framework/Versions/A/Security
0x00000000062c2000 	/System/Library/Frameworks/ApplicationServices.framework/Versions/A/ApplicationServices
0x00000000062c2000 	/usr/lib/libz.1.dylib
0x00000000062c2000 	/usr/lib/libSystem.B.dylib
0x00000000062c2000 	/usr/lib/libobjc.A.dylib
0x00000000062c2000 	/System/Library/Frameworks/CoreFoundation.framework/Versions/A/CoreFoundation
0x00000000062c2000 	/System/Library/Frameworks/Foundation.framework/Versions/C/Foundation
0x00000000062c2000 	/System/Library/Frameworks/AppKit.framework/Versions/C/AppKit
0x00000000062c2000 	/System/Library/Frameworks/CoreData.framework/Versions/A/CoreData
0x00000000062c2000 	/System/Library/PrivateFrameworks/RemoteViewServices.framework/Versions/A/RemoteViewServices
0x00000000062c2000 	/System/Library/Frameworks/AudioToolbox.framework/Versions/A/AudioToolbox
0x00000000062c2000 	/System/Library/Frameworks/AudioUnit.framework/Versions/A/AudioUnit
0x00000000062c2000 	/System/Library/PrivateFrameworks/DataDetectorsCore.framework/Versions/A/DataDetectorsCore
0x00000000062c2000 	/System/Library/PrivateFrameworks/DesktopServicesPriv.framework/Versions/A/DesktopServicesPriv
0x00000000062c2000 	/System/Library/Frameworks/Carbon.framework/Versions/A/Frameworks/HIToolbox.framework/Versions/A/HIToolbox
0x00000000062c2000 	/System/Library/Frameworks/QuartzCore.framework/Versions/A/QuartzCore
0x00000000062c2000 	/System/Library/Frameworks/Carbon.framework/Versions/A/Frameworks/SpeechRecognition.framework/Versions/A/SpeechRecognition
0x00000000062c2000 	/usr/lib/libauto.dylib
0x00000000062c2000 	/usr/lib/libicucore.A.dylib
0x00000000062c2000 	/usr/lib/libxml2.2.dylib
0x00000000062c2000 	/System/Library/PrivateFrameworks/CoreUI.framework/Versions/A/CoreUI
0x00000000062c2000 	/System/Library/Frameworks/CoreAudio.framework/Versions/A/CoreAudio
0x00000000062c2000 	/System/Library/Frameworks/DiskArbitration.framework/Versions/A/DiskArbitration
0x00000000062c2000 	/usr/lib/liblangid.dylib
0x00000000062c2000 	/System/Library/PrivateFrameworks/MultitouchSupport.framework/Versions/A/MultitouchSupport
0x00000000062c2000 	/System/Library/Frameworks/IOKit.framework/Versions/A/IOKit
0x00000000062c2000 	/usr/lib/libDiagnosticMessagesClient.dylib
0x00000000062c2000 	/System/Library/Frameworks/CoreServices.framework/Versions/A/CoreServices
0x00000000062c2000 	/System/Library/PrivateFrameworks/PerformanceAnalysis.framework/Versions/A/PerformanceAnalysis
0x00000000062c2000 	/System/Library/PrivateFrameworks/GenerationalStorage.framework/Versions/A/GenerationalStorage
0x00000000062c2000 	/System/Library/Frameworks/OpenGL.framework/Versions/A/OpenGL
0x00000000062c2000 	/System/Library/PrivateFrameworks/Sharing.framework/Versions/A/Sharing
0x00000000062c2000 	/System/Library/Frameworks/ImageIO.framework/Versions/A/ImageIO
0x00000000062c2000 	/System/Library/Frameworks/CoreText.framework/Versions/A/CoreText
0x00000000062c2000 	/System/Library/Frameworks/CoreGraphics.framework/Versions/A/CoreGraphics
0x00000000062c2000 	/System/Library/PrivateFrameworks/Backup.framework/Versions/A/Backup
0x00000000062c2000 	/System/Library/Frameworks/CFNetwork.framework/Versions/A/CFNetwork
0x00000000062c2000 	/System/Library/Frameworks/SystemConfiguration.framework/Versions/A/SystemConfiguration
0x00000000062c2000 	/usr/lib/libCRFSuite.dylib
0x00000000062c2000 	/usr/lib/libc++.1.dylib
0x00000000062c2000 	/usr/lib/libc++abi.dylib
0x00000000062c2000 	/usr/lib/system/libcache.dylib
0x00000000062c2000 	/usr/lib/system/libcommonCrypto.dylib
0x00000000062c2000 	/usr/lib/system/libcompiler_rt.dylib
0x00000000062c2000 	/usr/lib/system/libcopyfile.dylib
0x00000000062c2000 	/usr/lib/system/libcorecrypto.dylib
0x00000000062c2000 	/usr/lib/system/libdispatch.dylib
0x00000000062c2000 	/usr/lib/system/libdyld.dylib
0x00000000062c2000 	/usr/lib/system/libkeymgr.dylib
0x00000000062c2000 	/usr/lib/system/liblaunch.dylib
0x00000000062c2000 	/usr/lib/system/libmacho.dylib
0x00000000062c2000 	/usr/lib/system/libquarantine.dylib
0x00000000062c2000 	/usr/lib/system/libremovefile.dylib
0x00000000062c2000 	/usr/lib/system/libsystem_asl.dylib
0x00000000062c2000 	/usr/lib/system/libsystem_blocks.dylib
0x00000000062c2000 	/usr/lib/system/libsystem_c.dylib
0x00000000062c2000 	/usr/lib/system/libsystem_configuration.dylib
0x00000000062c2000 	/usr/lib/system/libsystem_dnssd.dylib
0x00000000062c2000 	/usr/lib/system/libsystem_info.dylib
0x00000000062c2000 	/usr/lib/system/libsystem_kernel.dylib
0x00000000062c2000 	/usr/lib/system/libsystem_m.dylib
0x00000000062c2000 	/usr/lib/system/libsystem_malloc.dylib
0x00000000062c2000 	/usr/lib/system/libsystem_network.dylib
0x00000000062c2000 	/usr/lib/system/libsystem_notify.dylib
0x00000000062c2000 	/usr/lib/system/libsystem_platform.dylib
0x00000000062c2000 	/usr/lib/system/libsystem_pthread.dylib
0x00000000062c2000 	/usr/lib/system/libsystem_sandbox.dylib
0x00000000062c2000 	/usr/lib/system/libsystem_stats.dylib
0x00000000062c2000 	/usr/lib/system/libunc.dylib
0x00000000062c2000 	/usr/lib/system/libunwind.dylib
0x00000000062c2000 	/usr/lib/system/libxpc.dylib
0x00000000062c2000 	/usr/lib/libbsm.0.dylib
0x00000000062c2000 	/usr/lib/libsqlite3.dylib
0x00000000062c2000 	/usr/lib/libxar.1.dylib
0x00000000062c2000 	/usr/lib/libpam.2.dylib
0x00000000062c2000 	/usr/lib/libOpenScriptingUtil.dylib
0x00000000062c2000 	/usr/lib/libbz2.1.0.dylib
0x00000000062c2000 	/System/Library/Frameworks/CoreServices.framework/Versions/A/Frameworks/CarbonCore.framework/Versions/A/CarbonCore
0x00000000062c2000 	/System/Library/Frameworks/CoreServices.framework/Versions/A/Frameworks/Metadata.framework/Versions/A/Metadata
0x00000000062c2000 	/System/Library/Frameworks/CoreServices.framework/Versions/A/Frameworks/OSServices.framework/Versions/A/OSServices
0x00000000062c2000 	/System/Library/Frameworks/CoreServices.framework/Versions/A/Frameworks/SearchKit.framework/Versions/A/SearchKit
0x00000000062c2000 	/System/Library/Frameworks/CoreServices.framework/Versions/A/Frameworks/AE.framework/Versions/A/AE
0x00000000062c2000 	/System/Library/Frameworks/CoreServices.framework/Versions/A/Frameworks/LaunchServices.framework/Versions/A/LaunchServices
0x00000000062c2000 	/System/Library/Frameworks/CoreServices.framework/Versions/A/Frameworks/DictionaryServices.framework/Versions/A/DictionaryServices
0x00000000062c2000 	/System/Library/Frameworks/NetFS.framework/Versions/A/NetFS
0x00000000062c2000 	/usr/lib/system/libkxld.dylib
0x00000000062c2000 	/System/Library/PrivateFrameworks/NetAuth.framework/Versions/A/NetAuth
0x00000000062c2000 	/System/Library/PrivateFrameworks/TCC.framework/Versions/A/TCC
0x00000000062c2000 	/System/Library/Frameworks/OpenDirectory.framework/Versions/A/Frameworks/CFOpenDirectory.framework/Versions/A/CFOpenDirectory
0x00000000062c2000 	/System/Library/Frameworks/ServiceManagement.framework/Versions/A/ServiceManagement
0x00000000062c2000 	/usr/lib/libxslt.1.dylib
0x00000000062c2000 	/System/Library/Frameworks/Carbon.framework/Versions/A/Frameworks/Ink.framework/Versions/A/Ink
0x00000000062c2000 	/System/Library/Frameworks/ApplicationServices.framework/Versions/A/Frameworks/ATS.framework/Versions/A/ATS
0x00000000062c2000 	/System/Library/Frameworks/ApplicationServices.framework/Versions/A/Frameworks/ColorSync.framework/Versions/A/ColorSync
0x00000000062c2000 	/System/Library/Frameworks/ApplicationServices.framework/Versions/A/Frameworks/HIServices.framework/Versions/A/HIServices
0x00000000062c2000 	/System/Library/Frameworks/ApplicationServices.framework/Versions/A/Frameworks/LangAnalysis.framework/Versions/A/LangAnalysis
0x00000000062c2000 	/System/Library/Frameworks/ApplicationServices.framework/Versions/A/Frameworks/PrintCore.framework/Versions/A/PrintCore
0x00000000062c2000 	/System/Library/Frameworks/ApplicationServices.framework/Versions/A/Frameworks/QD.framework/Versions/A/QD
0x00000000062c2000 	/System/Library/Frameworks/ApplicationServices.framework/Versions/A/Frameworks/SpeechSynthesis.framework/Versions/A/SpeechSynthesis
0x00000000062c2000 	/System/Library/Frameworks/IOSurface.framework/Versions/A/IOSurface
0x00000000062c2000 	/System/Library/Frameworks/Accelerate.framework/Versions/A/Accelerate
0x00000000062c2000 	/System/Library/Frameworks/Accelerate.framework/Versions/A/Frameworks/vImage.framework/Versions/A/vImage
0x00000000062c2000 	/System/Library/Frameworks/Accelerate.framework/Versions/A/Frameworks/vecLib.framework/Versions/A/vecLib
0x00000000062c2000 	/System/Library/Frameworks/Accelerate.framework/Versions/A/Frameworks/vecLib.framework/Versions/A/libvDSP.dylib
0x00000000062c2000 	/System/Library/Frameworks/Accelerate.framework/Versions/A/Frameworks/vecLib.framework/Versions/A/libvMisc.dylib
0x00000000062c2000 	/System/Library/Frameworks/Accelerate.framework/Versions/A/Frameworks/vecLib.framework/Versions/A/libLAPACK.dylib
0x00000000062c2000 	/System/Library/Frameworks/Accelerate.framework/Versions/A/Frameworks/vecLib.framework/Versions/A/libBLAS.dylib
0x00000000062c2000 	/System/Library/Frameworks/ApplicationServices.framework/Versions/A/Frameworks/ATS.framework/Versions/A/Resources/libFontParser.dylib
0x00000000062c2000 	/System/Library/Frameworks/ApplicationServices.framework/Versions/A/Frameworks/ATS.framework/Versions/A/Resources/libFontRegistry.dylib
0x00000000062c2000 	/System/Library/Frameworks/ImageIO.framework/Versions/A/Resources/libJPEG.dylib
0x00000000062c2000 	/System/Library/Frameworks/ImageIO.framework/Versions/A/Resources/libTIFF.dylib
0x00000000062c2000 	/System/Library/Frameworks/ImageIO.framework/Versions/A/Resources/libPng.dylib
0x00000000062c2000 	/System/Library/Frameworks/ImageIO.framework/Versions/A/Resources/libGIF.dylib
0x00000000062c2000 	/System/Library/Frameworks/ImageIO.framework/Versions/A/Resources/libJP2.dylib
0x00000000062c2000 	/System/Library/Frameworks/ImageIO.framework/Versions/A/Resources/libRadiance.dylib
0x00000000062c2000 	/usr/lib/libcups.2.dylib
0x00000000062c2000 	/System/Library/Frameworks/Kerberos.framework/Versions/A/Kerberos
0x00000000062c2000 	/System/Library/Frameworks/GSS.framework/Versions/A/GSS
0x00000000062c2000 	/usr/lib/libresolv.9.dylib
0x00000000062c2000 	/usr/lib/libiconv.2.dylib
0x00000000062c2000 	/System/Library/PrivateFrameworks/Heimdal.framework/Versions/A/Heimdal
0x00000000062c2000 	/System/Library/PrivateFrameworks/TrustEvaluationAgent.framework/Versions/A/TrustEvaluationAgent
0x00000000062c2000 	/usr/lib/libheimdal-asn1.dylib
0x00000000062c2000 	/System/Library/Frameworks/OpenDirectory.framework/Versions/A/OpenDirectory
0x00000000062c2000 	/System/Library/PrivateFrameworks/CommonAuth.framework/Versions/A/CommonAuth
0x00000000062c2000 	/System/Library/Frameworks/SecurityFoundation.framework/Versions/A/SecurityFoundation
0x00000000062c2000 	/System/Library/PrivateFrameworks/Bom.framework/Versions/A/Bom
0x00000000062c2000 	/System/Library/Frameworks/CoreVideo.framework/Versions/A/CoreVideo
0x00000000062c2000 	/System/Library/Frameworks/QuartzCore.framework/Versions/A/Frameworks/CoreImage.framework/Versions/A/CoreImage
0x00000000062c2000 	/System/Library/Frameworks/QuartzCore.framework/Versions/A/Frameworks/ScalableUserInterface.framework/Versions/A/ScalableUserInterface
0x00000000062c2000 	/System/Library/Frameworks/OpenGL.framework/Versions/A/Libraries/libGLU.dylib
0x00000000062c2000 	/System/Library/Frameworks/OpenGL.framework/Versions/A/Libraries/libGFXShared.dylib
0x00000000062c2000 	/System/Library/Frameworks/OpenGL.framework/Versions/A/Libraries/libGL.dylib
0x00000000062c2000 	/System/Library/Frameworks/OpenGL.framework/Versions/A/Libraries/libGLImage.dylib
0x00000000062c2000 	/System/Library/Frameworks/OpenGL.framework/Versions/A/Libraries/libCVMSPluginSupport.dylib
0x00000000062c2000 	/System/Library/Frameworks/OpenGL.framework/Versions/A/Libraries/libCoreVMClient.dylib
0x00000000062c2000 	/System/Library/PrivateFrameworks/FaceCore.framework/Versions/A/FaceCore
0x00000000062c2000 	/System/Library/PrivateFrameworks/CrashReporterSupport.framework/Versions/A/CrashReporterSupport
0x00000000062c2000 	/System/Library/Frameworks/OpenCL.framework/Versions/A/OpenCL
0x00000000062c2000 	/System/Library/PrivateFrameworks/AppleFSCompression.framework/Versions/A/AppleFSCompression
0x00000000062c2000 	/System/Library/PrivateFrameworks/Ubiquity.framework/Versions/A/Ubiquity
0x00000000062c2000 	/System/Library/PrivateFrameworks/IconServices.framework/Versions/A/IconServices
0x00000000062c2000 	/System/Library/PrivateFrameworks/ChunkingLibrary.framework/Versions/A/ChunkingLibrary
0x00000000062c2000 	/System/Library/PrivateFrameworks/CoreSymbolication.framework/Versions/A/CoreSymbolication
0x00000000062c2000 	/System/Library/PrivateFrameworks/Symbolication.framework/Versions/A/Symbolication
0x00000000062c2000 	/System/Library/PrivateFrameworks/DebugSymbols.framework/Versions/A/DebugSymbols
0x0000000105c00000 	/Library/Java/JavaVirtualMachines/jdk1.8.0_25.jdk/Contents/Home/jre/lib/server/libjvm.dylib
0x00000000062c2000 	/usr/lib/libstdc++.6.dylib
0x0000000104b4f000 	/Library/Java/JavaVirtualMachines/jdk1.8.0_25.jdk/Contents/Home/jre/lib/libverify.dylib
0x0000000104b5d000 	/Library/Java/JavaVirtualMachines/jdk1.8.0_25.jdk/Contents/Home/jre/lib/libjava.dylib
0x0000000104b9a000 	/Library/Java/JavaVirtualMachines/jdk1.8.0_25.jdk/Contents/Home/jre/lib/libzip.dylib
0x000000011dbcc000 	/System/Library/Frameworks/JavaVM.framework/Frameworks/JavaRuntimeSupport.framework/JavaRuntimeSupport
0x000000011dbe4000 	/System/Library/Frameworks/JavaVM.framework/Versions/A/Frameworks/JavaNativeFoundation.framework/Versions/A/JavaNativeFoundation
0x000000011dbf9000 	/System/Library/Frameworks/JavaVM.framework/Versions/A/JavaVM
0x00000000062c2000 	/System/Library/Frameworks/Carbon.framework/Versions/A/Carbon
0x0000000104bf4000 	/System/Library/PrivateFrameworks/JavaLaunching.framework/Versions/A/JavaLaunching
0x00000000062c2000 	/System/Library/Frameworks/Carbon.framework/Versions/A/Frameworks/CommonPanels.framework/Versions/A/CommonPanels
0x00000000062c2000 	/System/Library/Frameworks/Carbon.framework/Versions/A/Frameworks/Help.framework/Versions/A/Help
0x00000000062c2000 	/System/Library/Frameworks/Carbon.framework/Versions/A/Frameworks/ImageCapture.framework/Versions/A/ImageCapture
0x00000000062c2000 	/System/Library/Frameworks/Carbon.framework/Versions/A/Frameworks/OpenScripting.framework/Versions/A/OpenScripting
0x00000000062c2000 	/System/Library/Frameworks/Carbon.framework/Versions/A/Frameworks/Print.framework/Versions/A/Print
0x00000000062c2000 	/System/Library/Frameworks/Carbon.framework/Versions/A/Frameworks/SecurityHI.framework/Versions/A/SecurityHI
0x000000011e3ae000 	/Users/Simon/Documents/SpaceGame/lib/natives/liblwjgl.dylib
0x000000011e40f000 	/Users/Simon/Documents/SpaceGame/lib/natives/libjemalloc.dylib
0x000000011e449000 	/Users/Simon/Documents/SpaceGame/lib/natives/libglfw.dylib
0x00000000062c2000 	/System/Library/PrivateFrameworks/CoreServicesInternal.framework/Versions/A/CoreServicesInternal
0x00000000062c2000 	/System/Library/PrivateFrameworks/Librarian.framework/Versions/A/Librarian
0x00000000062c2000 	/System/Library/PrivateFrameworks/FamilyControls.framework/Versions/A/FamilyControls
0x00000000062c2000 	/System/Library/PrivateFrameworks/CommerceKit.framework/Versions/A/Frameworks/CommerceCore.framework/Versions/A/CommerceCore
0x00000000062c2000 	/System/Library/PrivateFrameworks/SystemAdministration.framework/Versions/A/SystemAdministration
0x00000000062c2000 	/System/Library/Frameworks/DirectoryService.framework/Versions/A/DirectoryService
0x00000000062c2000 	/System/Library/PrivateFrameworks/DiskImages.framework/Versions/A/DiskImages
0x00000000062c2000 	/System/Library/PrivateFrameworks/LoginUIKit.framework/Versions/A/Frameworks/LoginUICore.framework/Versions/A/LoginUICore
0x00000000062c2000 	/usr/lib/libCoreStorage.dylib
0x00000000062c2000 	/usr/lib/libcsfde.dylib
0x00000000062c2000 	/usr/lib/libodfde.dylib
0x00000000062c2000 	/System/Library/Frameworks/DiscRecording.framework/Versions/A/DiscRecording
0x00000000062c2000 	/usr/lib/libcurl.4.dylib
0x00000000062c2000 	/System/Library/PrivateFrameworks/MediaKit.framework/Versions/A/MediaKit
0x00000000062c2000 	/System/Library/PrivateFrameworks/EFILogin.framework/Versions/A/EFILogin
0x00000000062c2000 	/usr/lib/libutil.dylib
0x00000000062c2000 	/System/Library/PrivateFrameworks/AOSNotification.framework/Versions/A/AOSNotification
0x00000000062c2000 	/System/Library/Frameworks/LDAP.framework/Versions/A/LDAP
0x00000000062c2000 	/usr/lib/libsasl2.2.dylib
0x00000000062c2000 	/usr/lib/libcrypto.0.9.8.dylib
0x00000000062c2000 	/usr/lib/libssl.0.9.8.dylib
0x00000000062c2000 	/System/Library/Frameworks/CoreGraphics.framework/Versions/A/Resources/libCGCMS.A.dylib
0x00000000062c2000 	/System/Library/Frameworks/CoreGraphics.framework/Versions/A/Resources/libRIP.A.dylib
0x00000000062c2000 	/System/Library/Frameworks/OpenGL.framework/Versions/A/Resources/GLEngine.bundle/GLEngine
0x00000000062c2000 	/System/Library/Frameworks/OpenGL.framework/Versions/A/Libraries/libGLProgrammability.dylib
0x00000001214a9000 	/System/Library/Extensions/AppleIntelHD4000GraphicsGLDriver.bundle/Contents/MacOS/AppleIntelHD4000GraphicsGLDriver
0x00000000062c2000 	/System/Library/PrivateFrameworks/IOAccelerator.framework/Versions/A/IOAccelerator
0x00000000062c2000 	/System/Library/PrivateFrameworks/GPUSupport.framework/Versions/A/Libraries/libGPUSupportMercury.dylib
0x0000000000000000 	/System/Library/Extensions/GeForceGLDriver.bundle/Contents/MacOS/GeForceGLDriver
0x00000000062c2000 	/System/Library/Extensions/GeForceGLDriver.bundle/Contents/MacOS/libclh.dylib
0x00000000062c2000 	/System/Library/Frameworks/OpenGL.framework/Versions/A/Resources/GLRendererFloat.bundle/GLRendererFloat
0x00000000062c2000 	/System/Library/Frameworks/OpenCL.framework/Versions/A/Libraries/libcldcpuengine.dylib
0x00000000062c2000 	/System/Library/Frameworks/CoreGraphics.framework/Versions/A/Resources/libCGXType.A.dylib

VM Arguments:
jvm_args: -Djava.library.path=/Users/Simon/Documents/SpaceGame/lib/natives -Dfile.encoding=UTF-8 
java_command: testing.Test
java_class_path (initial): /Users/Simon/Documents/SpaceGame/bin:/Users/Simon/Documents/SpaceGame/lib/jars/lwjgl.jar
Launcher Type: SUN_STANDARD

Environment Variables:
PATH=/usr/bin:/bin:/usr/sbin:/sbin
SHELL=/bin/bash
DISPLAY=/tmp/launch-QUo86Z/org.macosforge.xquartz:0

Signal Handlers:
SIGSEGV: [libjvm.dylib+0x579dc7], sa_mask[0]=11111111011111110111111111111111, sa_flags=SA_ONSTACK|SA_RESTART|SA_SIGINFO
SIGBUS: [libjvm.dylib+0x579dc7], sa_mask[0]=11111111011111110111111111111111, sa_flags=SA_RESTART|SA_SIGINFO
SIGFPE: [libjvm.dylib+0x45b030], sa_mask[0]=11111111011111110111111111111111, sa_flags=SA_RESTART|SA_SIGINFO
SIGPIPE: [libjvm.dylib+0x45b030], sa_mask[0]=11111111011111110111111111111111, sa_flags=SA_RESTART|SA_SIGINFO
SIGXFSZ: [libjvm.dylib+0x45b030], sa_mask[0]=11111111011111110111111111111111, sa_flags=SA_RESTART|SA_SIGINFO
SIGILL: [libjvm.dylib+0x45b030], sa_mask[0]=11111111011111110111111111111111, sa_flags=SA_RESTART|SA_SIGINFO
SIGUSR1: SIG_DFL, sa_mask[0]=00000000000000000000000000000000, sa_flags=SA_RESTART
SIGUSR2: [libjvm.dylib+0x45ab4e], sa_mask[0]=00100000000000000000000000000000, sa_flags=SA_RESTART|SA_SIGINFO
SIGHUP: [libjvm.dylib+0x459121], sa_mask[0]=11111111011111110111111111111111, sa_flags=SA_RESTART|SA_SIGINFO
SIGINT: [libjvm.dylib+0x459121], sa_mask[0]=11111111011111110111111111111111, sa_flags=SA_RESTART|SA_SIGINFO
SIGTERM: [libjvm.dylib+0x459121], sa_mask[0]=11111111011111110111111111111111, sa_flags=SA_RESTART|SA_SIGINFO
SIGQUIT: [libjvm.dylib+0x459121], sa_mask[0]=11111111011111110111111111111111, sa_flags=SA_RESTART|SA_SIGINFO


---------------  S Y S T E M  ---------------

OS:Bsduname:Darwin 13.4.0 Darwin Kernel Version 13.4.0: Wed Mar 18 16:20:14 PDT 2015; root:xnu-2422.115.14~1/RELEASE_X86_64 x86_64
rlimit: STACK 8192k, CORE 0k, NPROC 709, NOFILE 10240, AS infinity
load average:1.45 1.34 1.37

CPU:total 8 (4 cores per cpu, 2 threads per core) family 6 model 58 stepping 9, cmov, cx8, fxsr, mmx, sse, sse2, sse3, ssse3, sse4.1, sse4.2, popcnt, avx, aes, clmul, erms, ht, tsc, tscinvbit, tscinv

Memory: 4k page, physical 8388608k(1669176k free)

/proc/meminfo:


vm_info: Java HotSpot(TM) 64-Bit Server VM (25.25-b02) for bsd-amd64 JRE (1.8.0_25-b17), built on Sep 17 2014 16:56:50 by "java_re" with gcc 4.2.1 (Based on Apple Inc. build 5658) (LLVM build 2336.11.00)

time: Wed May 11 10:44:06 2016
elapsed time: 0 seconds (0d 0h 0m 0s)

