#
# A fatal error has been detected by the Java Runtime Environment:
#
#  SIGSEGV (0xb) at pc=0x00007fff93a0ef75, pid=16742, tid=3335
#
# JRE version: Java(TM) SE Runtime Environment (8.0_25-b17) (build 1.8.0_25-b17)
# Java VM: Java HotSpot(TM) 64-Bit Server VM (25.25-b02 mixed mode bsd-amd64 compressed oops)
# Problematic frame:
# C  [GLEngine+0x74f75]  glGetShaderiv_Exec+0x158
#
# Failed to write core dump. Core dumps have been disabled. To enable core dumping, try "ulimit -c unlimited" before starting Java again
#
# If you would like to submit a bug report, please visit:
#   http://bugreport.sun.com/bugreport/crash.jsp
# The crash happened outside the Java Virtual Machine in native code.
# See problematic frame for where to report the bug.
#

---------------  T H R E A D  ---------------

Current thread (0x00007fd35b001000):  JavaThread "main" [_thread_in_native, id=3335, stack(0x00007fff5a7ec000,0x00007fff5afec000)]

siginfo: si_signo: 11 (SIGSEGV), si_code: 1 (SEGV_MAPERR), si_addr: 0x0000000000000000

Registers:
RAX=0x0000000000000001, RBX=0x00007fd35f800000, RCX=0x00007fff93ab66d1, RDX=0x0000000000000001
RSP=0x00007fff5afe8d80, RBP=0x00007fff5afe8db0, RSI=0x00007fd35c4005f0, RDI=0x00007fd35f800000
R8 =0x00007fd35c601210, R9 =0x0000000000000000, R10=0x0000000106db4668, R11=0x00000001062b319b
R12=0x00007fd35c600000, R13=0x00000001dbb156b0, R14=0x0000000000000000, R15=0x0000000000000000
RIP=0x00007fff93a0ef75, EFLAGS=0x0000000000010246, ERR=0x0000000000000006
  TRAPNO=0x000000000000000e

Top of Stack: (sp=0x00007fff5afe8d80)
0x00007fff5afe8d80:   00000001dbb156b0 00000001dbb156b0
0x00007fff5afe8d90:   00000001dbb156b0 0000000000000000
0x00007fff5afe8da0:   00007fff5afe8e80 00007fd35b001000
0x00007fff5afe8db0:   00007fff5afe8e38 0000000106db4694
0x00007fff5afe8dc0:   00007fd35b001000 00007fd35b001000
0x00007fff5afe8dd0:   00000001dbb156b0 00007fff5afe8e80
0x00007fff5afe8de0:   00007fff5afe8e38 0000000106db4427
0x00007fff5afe8df0:   0000000106db43e2 00007fff5afe8df8
0x00007fff5afe8e00:   00000001dbb156b0 00007fff5afe8e80
0x00007fff5afe8e10:   00000001dbb1eb70 0000000000000000
0x00007fff5afe8e20:   00000001dbb156b0 0000000000000000
0x00007fff5afe8e30:   00007fff5afe8e58 00007fff5afe8ec8
0x00007fff5afe8e40:   0000000106da698d 000000016bdc6140
0x00007fff5afe8e50:   0000000106dae2b8 0000000000000000
0x00007fff5afe8e60:   00000001dbbcf0f8 0000000000008b81
0x00007fff5afe8e70:   0000000000000001 00007fff904d7c8e
0x00007fff5afe8e80:   000000016c015ec0 00007fff5afe8e88
0x00007fff5afe8e90:   00000001dbbd2695 00007fff5afe8f00
0x00007fff5afe8ea0:   00000001dbbdb770 0000000000000000
0x00007fff5afe8eb0:   00000001dbbd26d8 00007fff5afe8e58
0x00007fff5afe8ec0:   00007fff5afe8ee8 00007fff5afe8f48
0x00007fff5afe8ed0:   0000000106da698d 00007fff904d7c8e
0x00007fff5afe8ee0:   0000000000000000 0000000000000000
0x00007fff5afe8ef0:   000000016c8cee88 0000000000008b81
0x00007fff5afe8f00:   0000000000000001 00007fff5afe8f08
0x00007fff5afe8f10:   00000001dbbd2859 00007fff5afe8f68
0x00007fff5afe8f20:   00000001dbbdb770 0000000000000000
0x00007fff5afe8f30:   00000001dbbd2890 00007fff5afe8ee8
0x00007fff5afe8f40:   00007fff5afe8f58 00007fff5afe8fb0
0x00007fff5afe8f50:   0000000106da698d 000000016c8cee88
0x00007fff5afe8f60:   0000000000008b81 0000000000000001
0x00007fff5afe8f70:   00007fff5afe8f70 00000001dbac4cd5 

Instructions: (pc=0x00007fff93a0ef75)
0x00007fff93a0ef55:   ac d6 00 00 00 75 09 66 c7 83 ac d6 00 00 02 05
0x00007fff93a0ef65:   48 83 c4 10 5b 41 5c 41 5e 41 5f 5d c3 8b 45 dc
0x00007fff93a0ef75:   41 89 06 eb eb 55 48 89 e5 41 57 41 56 41 54 53
0x00007fff93a0ef85:   48 83 ec 10 49 89 ce 41 89 d7 41 89 f4 48 89 fb 

Register to memory mapping:

RAX=0x0000000000000001 is an unknown value
RBX=0x00007fd35f800000 is an unknown value
RCX=0x00007fff93ab66d1: gleGetObjectParameter+0x591 in /System/Library/Frameworks/OpenGL.framework/Versions/A/Resources/GLEngine.bundle/GLEngine at 0x00007fff9399a000
RDX=0x0000000000000001 is an unknown value
RSP=0x00007fff5afe8d80 is pointing into the stack for thread: 0x00007fd35b001000
RBP=0x00007fff5afe8db0 is pointing into the stack for thread: 0x00007fd35b001000
RSI=0x00007fd35c4005f0 is an unknown value
RDI=0x00007fd35f800000 is an unknown value
R8 =0x00007fd35c601210 is an unknown value
R9 =0x0000000000000000 is an unknown value
R10=0x0000000106db4668 is at code_begin+808 in an Interpreter codelet
method entry point (kind = native)  [0x0000000106db4340, 0x0000000106db4c40]  2304 bytes
R11=0x00000001062b319b: throw_unsatisfied_link_error+0 in /Library/Java/JavaVirtualMachines/jdk1.8.0_25.jdk/Contents/Home/jre/lib/server/libjvm.dylib at 0x0000000105e00000
R12=0x00007fd35c600000 is an unknown value
R13={method} {0x00000001dbb156b0} 'callIIPV' '(JIIJ)V' in 'org/lwjgl/system/JNI'
R14=0x0000000000000000 is an unknown value
R15=0x0000000000000000 is an unknown value


Stack: [0x00007fff5a7ec000,0x00007fff5afec000],  sp=0x00007fff5afe8d80,  free space=8179k
Native frames: (J=compiled Java code, j=interpreted, Vv=VM code, C=native code)
C  [GLEngine+0x74f75]  glGetShaderiv_Exec+0x158
j  org.lwjgl.system.JNI.callIIPV(JIIJ)V+0
j  org.lwjgl.opengl.GL20.nglGetShaderiv(IIJ)V+13
j  org.lwjgl.opengl.GL20.glGetShaderiv(IILjava/nio/IntBuffer;)V+17
j  testing.Test.drawScene()V+229
j  testing.Test.main([Ljava/lang/String;)V+3
v  ~StubRoutines::call_stub
V  [libjvm.dylib+0x2d4516]
V  [libjvm.dylib+0x30958b]
V  [libjvm.dylib+0x302785]
C  [java+0x2c82]  JavaMain+0x998
C  [java+0x4848]  -[JavaLaunchHelper launchJava:]+0x2a
C  [Foundation+0x6375e]  __NSThreadPerformPerform+0xe5
C  [CoreFoundation+0x7f5b1]  __CFRUNLOOP_IS_CALLING_OUT_TO_A_SOURCE0_PERFORM_FUNCTION__+0x11
C  [CoreFoundation+0x70c62]  __CFRunLoopDoSources0+0xf2
C  [CoreFoundation+0x703ef]  __CFRunLoopRun+0x33f
C  [CoreFoundation+0x6fe75]  CFRunLoopRunSpecific+0x135
C  [java+0x56cc]  CreateExecutionEnvironment+0x367
C  [java+0x165c]  JLI_Launch+0x7a0
C  [java+0x768a]  main+0x65
C  [java+0xeb4]  start+0x34
C  0x0000000000000007

Java frames: (J=compiled Java code, j=interpreted, Vv=VM code)
j  org.lwjgl.system.JNI.callIIPV(JIIJ)V+0
j  org.lwjgl.opengl.GL20.nglGetShaderiv(IIJ)V+13
j  org.lwjgl.opengl.GL20.glGetShaderiv(IILjava/nio/IntBuffer;)V+17
j  testing.Test.drawScene()V+229
j  testing.Test.main([Ljava/lang/String;)V+3
v  ~StubRoutines::call_stub

---------------  P R O C E S S  ---------------

Java Threads: ( => current thread )
  0x00007fd35c848800 JavaThread "Service Thread" daemon [_thread_blocked, id=21763, stack(0x00000001de5f9000,0x00000001de6f9000)]
  0x00007fd35c827000 JavaThread "C1 CompilerThread3" daemon [_thread_blocked, id=21251, stack(0x00000001de4f6000,0x00000001de5f6000)]
  0x00007fd35c826800 JavaThread "C2 CompilerThread2" daemon [_thread_blocked, id=20739, stack(0x00000001de3f3000,0x00000001de4f3000)]
  0x00007fd35c825800 JavaThread "C2 CompilerThread1" daemon [_thread_blocked, id=20227, stack(0x00000001de2f0000,0x00000001de3f0000)]
  0x00007fd35c80c000 JavaThread "C2 CompilerThread0" daemon [_thread_blocked, id=19715, stack(0x00000001de1ed000,0x00000001de2ed000)]
  0x00007fd35b06a800 JavaThread "Signal Dispatcher" daemon [_thread_blocked, id=19207, stack(0x00000001de0ea000,0x00000001de1ea000)]
  0x00007fd35b068000 JavaThread "Finalizer" daemon [_thread_blocked, id=16643, stack(0x00000001ddfae000,0x00000001de0ae000)]
  0x00007fd35b067800 JavaThread "Reference Handler" daemon [_thread_blocked, id=16131, stack(0x00000001ddeab000,0x00000001ddfab000)]
=>0x00007fd35b001000 JavaThread "main" [_thread_in_native, id=3335, stack(0x00007fff5a7ec000,0x00007fff5afec000)]

Other Threads:
  0x00007fd35b063000 VMThread [stack: 0x00000001ddda8000,0x00000001ddea8000] [id=15619]
  0x00007fd35c828000 WatcherThread [stack: 0x00000001de6fc000,0x00000001de7fc000] [id=22275]

VM state:not at safepoint (normal execution)

VM Mutex/Monitor currently owned by a thread: None

Heap:
 PSYoungGen      total 38400K, used 15718K [0x000000016b980000, 0x000000016e400000, 0x0000000196400000)
  eden space 33280K, 47% used [0x000000016b980000,0x000000016c8d9b78,0x000000016da00000)
  from space 5120K, 0% used [0x000000016df00000,0x000000016df00000,0x000000016e400000)
  to   space 5120K, 0% used [0x000000016da00000,0x000000016da00000,0x000000016df00000)
 ParOldGen       total 87552K, used 0K [0x0000000116400000, 0x000000011b980000, 0x000000016b980000)
  object space 87552K, 0% used [0x0000000116400000,0x0000000116400000,0x000000011b980000)
 Metaspace       used 7443K, capacity 8348K, committed 8576K, reserved 1056768K
  class space    used 562K, capacity 588K, committed 640K, reserved 1048576K

Card table byte_map: [0x0000000196400000,0x0000000196801000] byte_map_base: 0x0000000195b4e000

Marking Bits: (ParMarkBitMap*) 0x000000010669d390
 Begin Bits: [0x00000001972c4000, 0x00000001992c4000)
 End Bits:   [0x00000001992c4000, 0x000000019b2c4000)

Polling page: 0x0000000104dee000

CodeCache: size=245760Kb used=2139Kb max_used=2139Kb free=243620Kb
 bounds [0x0000000106d9f000, 0x000000010700f000, 0x0000000115d9f000]
 total_blobs=1032 nmethods=382 adapters=565
 compilation: enabled

Compilation events (10 events):
Event: 1.412 Thread 0x00007fd35c827000  377       3       java.util.jar.JarFile::getManifestFromReference (113 bytes)
Event: 1.414 Thread 0x00007fd35c827000 nmethod 377 0x0000000106fb09d0 code [0x0000000106fb0d00, 0x0000000106fb2358]
Event: 1.414 Thread 0x00007fd35c827000  378       3       java.lang.ClassNotFoundException::<init> (7 bytes)
Event: 1.414 Thread 0x00007fd35c826800  380       4       java.util.concurrent.ConcurrentHashMap::casTabAt (20 bytes)
Event: 1.414 Thread 0x00007fd35c827000 nmethod 378 0x0000000106fb0190 code [0x0000000106fb0300, 0x0000000106fb0548]
Event: 1.414 Thread 0x00007fd35c827000  379   !   3       java.net.URLClassLoader::defineClass (224 bytes)
Event: 1.414 Thread 0x00007fd35c80c000  381       4       java.util.concurrent.ConcurrentHashMap::tabAt (21 bytes)
Event: 1.414 Thread 0x00007fd35c826800 nmethod 380 0x0000000106fafc10 code [0x0000000106fafd40, 0x0000000106fafdb8]
Event: 1.414 Thread 0x00007fd35c80c000 nmethod 381 0x0000000106fafa10 code [0x0000000106fafb40, 0x0000000106fafb98]
Event: 1.416 Thread 0x00007fd35c827000 nmethod 379 0x0000000106fb5d90 code [0x0000000106fb61c0, 0x0000000106fb8e08]

GC Heap History (0 events):
No events

Deoptimization events (0 events):
No events

Internal exceptions (10 events):
Event: 1.413 Thread 0x00007fd35b001000 Exception <a 'java/security/PrivilegedActionException'> (0x000000016c887d30) thrown at [/HUDSON3/workspace/8-2-build-macosx-x86_64/jdk8u25/1514/hotspot/src/share/vm/prims/jvm.cpp, line 1312]
Event: 1.413 Thread 0x00007fd35b001000 Exception <a 'java/security/PrivilegedActionException'> (0x000000016c88cf10) thrown at [/HUDSON3/workspace/8-2-build-macosx-x86_64/jdk8u25/1514/hotspot/src/share/vm/prims/jvm.cpp, line 1312]
Event: 1.414 Thread 0x00007fd35b001000 Exception <a 'java/security/PrivilegedActionException'> (0x000000016c8972d8) thrown at [/HUDSON3/workspace/8-2-build-macosx-x86_64/jdk8u25/1514/hotspot/src/share/vm/prims/jvm.cpp, line 1312]
Event: 1.415 Thread 0x00007fd35b001000 Exception <a 'java/security/PrivilegedActionException'> (0x000000016c89e348) thrown at [/HUDSON3/workspace/8-2-build-macosx-x86_64/jdk8u25/1514/hotspot/src/share/vm/prims/jvm.cpp, line 1312]
Event: 1.415 Thread 0x00007fd35b001000 Exception <a 'java/security/PrivilegedActionException'> (0x000000016c8a5e08) thrown at [/HUDSON3/workspace/8-2-build-macosx-x86_64/jdk8u25/1514/hotspot/src/share/vm/prims/jvm.cpp, line 1312]
Event: 1.416 Thread 0x00007fd35b001000 Exception <a 'java/security/PrivilegedActionException'> (0x000000016c8ab690) thrown at [/HUDSON3/workspace/8-2-build-macosx-x86_64/jdk8u25/1514/hotspot/src/share/vm/prims/jvm.cpp, line 1312]
Event: 1.417 Thread 0x00007fd35b001000 Exception <a 'java/security/PrivilegedActionException'> (0x000000016c8af7b0) thrown at [/HUDSON3/workspace/8-2-build-macosx-x86_64/jdk8u25/1514/hotspot/src/share/vm/prims/jvm.cpp, line 1312]
Event: 1.419 Thread 0x00007fd35b001000 Exception <a 'java/security/PrivilegedActionException'> (0x000000016c8c2810) thrown at [/HUDSON3/workspace/8-2-build-macosx-x86_64/jdk8u25/1514/hotspot/src/share/vm/prims/jvm.cpp, line 1312]
Event: 1.420 Thread 0x00007fd35b001000 Exception <a 'java/security/PrivilegedActionException'> (0x000000016c8c7ac0) thrown at [/HUDSON3/workspace/8-2-build-macosx-x86_64/jdk8u25/1514/hotspot/src/share/vm/prims/jvm.cpp, line 1312]
Event: 1.420 Thread 0x00007fd35b001000 Exception <a 'java/security/PrivilegedActionException'> (0x000000016c8cc340) thrown at [/HUDSON3/workspace/8-2-build-macosx-x86_64/jdk8u25/1514/hotspot/src/share/vm/prims/jvm.cpp, line 1312]

Events (10 events):
Event: 1.417 loading class org/lwjgl/opengl/GLChecks
Event: 1.417 loading class org/lwjgl/opengl/GLChecks done
Event: 1.419 loading class org/lwjgl/system/MemoryUtil$BufferAllocator
Event: 1.419 loading class org/lwjgl/system/MemoryUtil$BufferAllocator done
Event: 1.420 loading class org/lwjgl/system/MemoryUtil$BufferAllocator$1
Event: 1.420 loading class org/lwjgl/system/MemoryUtil$BufferAllocator$1 done
Event: 1.420 loading class org/lwjgl/system/MemoryUtil$BufferAllocator$2
Event: 1.420 loading class org/lwjgl/system/MemoryUtil$BufferAllocator$2 done
Event: 1.435 loading class java/nio/HeapIntBuffer
Event: 1.436 loading class java/nio/HeapIntBuffer done


Dynamic libraries:
0x00000000062c2000 	/System/Library/Frameworks/Cocoa.framework/Versions/A/Cocoa
0x00000000062c2000 	/System/Library/Frameworks/Security.framework/Versions/A/Security
0x00000000062c2000 	/System/Library/Frameworks/ApplicationServices.framework/Versions/A/ApplicationServices
0x00000000062c2000 	/usr/lib/libz.1.dylib
0x00000000062c2000 	/usr/lib/libSystem.B.dylib
0x00000000062c2000 	/usr/lib/libobjc.A.dylib
0x00000000062c2000 	/System/Library/Frameworks/CoreFoundation.framework/Versions/A/CoreFoundation
0x00000000062c2000 	/System/Library/Frameworks/Foundation.framework/Versions/C/Foundation
0x00000000062c2000 	/System/Library/Frameworks/AppKit.framework/Versions/C/AppKit
0x00000000062c2000 	/System/Library/Frameworks/CoreData.framework/Versions/A/CoreData
0x00000000062c2000 	/System/Library/PrivateFrameworks/RemoteViewServices.framework/Versions/A/RemoteViewServices
0x00000000062c2000 	/System/Library/Frameworks/AudioToolbox.framework/Versions/A/AudioToolbox
0x00000000062c2000 	/System/Library/Frameworks/AudioUnit.framework/Versions/A/AudioUnit
0x00000000062c2000 	/System/Library/PrivateFrameworks/DataDetectorsCore.framework/Versions/A/DataDetectorsCore
0x00000000062c2000 	/System/Library/PrivateFrameworks/DesktopServicesPriv.framework/Versions/A/DesktopServicesPriv
0x00000000062c2000 	/System/Library/Frameworks/Carbon.framework/Versions/A/Frameworks/HIToolbox.framework/Versions/A/HIToolbox
0x00000000062c2000 	/System/Library/Frameworks/QuartzCore.framework/Versions/A/QuartzCore
0x00000000062c2000 	/System/Library/Frameworks/Carbon.framework/Versions/A/Frameworks/SpeechRecognition.framework/Versions/A/SpeechRecognition
0x00000000062c2000 	/usr/lib/libauto.dylib
0x00000000062c2000 	/usr/lib/libicucore.A.dylib
0x00000000062c2000 	/usr/lib/libxml2.2.dylib
0x00000000062c2000 	/System/Library/PrivateFrameworks/CoreUI.framework/Versions/A/CoreUI
0x00000000062c2000 	/System/Library/Frameworks/CoreAudio.framework/Versions/A/CoreAudio
0x00000000062c2000 	/System/Library/Frameworks/DiskArbitration.framework/Versions/A/DiskArbitration
0x00000000062c2000 	/usr/lib/liblangid.dylib
0x00000000062c2000 	/System/Library/PrivateFrameworks/MultitouchSupport.framework/Versions/A/MultitouchSupport
0x00000000062c2000 	/System/Library/Frameworks/IOKit.framework/Versions/A/IOKit
0x00000000062c2000 	/usr/lib/libDiagnosticMessagesClient.dylib
0x00000000062c2000 	/System/Library/Frameworks/CoreServices.framework/Versions/A/CoreServices
0x00000000062c2000 	/System/Library/PrivateFrameworks/PerformanceAnalysis.framework/Versions/A/PerformanceAnalysis
0x00000000062c2000 	/System/Library/PrivateFrameworks/GenerationalStorage.framework/Versions/A/GenerationalStorage
0x00000000062c2000 	/System/Library/Frameworks/OpenGL.framework/Versions/A/OpenGL
0x00000000062c2000 	/System/Library/PrivateFrameworks/Sharing.framework/Versions/A/Sharing
0x00000000062c2000 	/System/Library/Frameworks/ImageIO.framework/Versions/A/ImageIO
0x00000000062c2000 	/System/Library/Frameworks/CoreText.framework/Versions/A/CoreText
0x00000000062c2000 	/System/Library/Frameworks/CoreGraphics.framework/Versions/A/CoreGraphics
0x00000000062c2000 	/System/Library/PrivateFrameworks/Backup.framework/Versions/A/Backup
0x00000000062c2000 	/System/Library/Frameworks/CFNetwork.framework/Versions/A/CFNetwork
0x00000000062c2000 	/System/Library/Frameworks/SystemConfiguration.framework/Versions/A/SystemConfiguration
0x00000000062c2000 	/usr/lib/libCRFSuite.dylib
0x00000000062c2000 	/usr/lib/libc++.1.dylib
0x00000000062c2000 	/usr/lib/libc++abi.dylib
0x00000000062c2000 	/usr/lib/system/libcache.dylib
0x00000000062c2000 	/usr/lib/system/libcommonCrypto.dylib
0x00000000062c2000 	/usr/lib/system/libcompiler_rt.dylib
0x00000000062c2000 	/usr/lib/system/libcopyfile.dylib
0x00000000062c2000 	/usr/lib/system/libcorecrypto.dylib
0x00000000062c2000 	/usr/lib/system/libdispatch.dylib
0x00000000062c2000 	/usr/lib/system/libdyld.dylib
0x00000000062c2000 	/usr/lib/system/libkeymgr.dylib
0x00000000062c2000 	/usr/lib/system/liblaunch.dylib
0x00000000062c2000 	/usr/lib/system/libmacho.dylib
0x00000000062c2000 	/usr/lib/system/libquarantine.dylib
0x00000000062c2000 	/usr/lib/system/libremovefile.dylib
0x00000000062c2000 	/usr/lib/system/libsystem_asl.dylib
0x00000000062c2000 	/usr/lib/system/libsystem_blocks.dylib
0x00000000062c2000 	/usr/lib/system/libsystem_c.dylib
0x00000000062c2000 	/usr/lib/system/libsystem_configuration.dylib
0x00000000062c2000 	/usr/lib/system/libsystem_dnssd.dylib
0x00000000062c2000 	/usr/lib/system/libsystem_info.dylib
0x00000000062c2000 	/usr/lib/system/libsystem_kernel.dylib
0x00000000062c2000 	/usr/lib/system/libsystem_m.dylib
0x00000000062c2000 	/usr/lib/system/libsystem_malloc.dylib
0x00000000062c2000 	/usr/lib/system/libsystem_network.dylib
0x00000000062c2000 	/usr/lib/system/libsystem_notify.dylib
0x00000000062c2000 	/usr/lib/system/libsystem_platform.dylib
0x00000000062c2000 	/usr/lib/system/libsystem_pthread.dylib
0x00000000062c2000 	/usr/lib/system/libsystem_sandbox.dylib
0x00000000062c2000 	/usr/lib/system/libsystem_stats.dylib
0x00000000062c2000 	/usr/lib/system/libunc.dylib
0x00000000062c2000 	/usr/lib/system/libunwind.dylib
0x00000000062c2000 	/usr/lib/system/libxpc.dylib
0x00000000062c2000 	/usr/lib/libbsm.0.dylib
0x00000000062c2000 	/usr/lib/libsqlite3.dylib
0x00000000062c2000 	/usr/lib/libxar.1.dylib
0x00000000062c2000 	/usr/lib/libpam.2.dylib
0x00000000062c2000 	/usr/lib/libOpenScriptingUtil.dylib
0x00000000062c2000 	/usr/lib/libbz2.1.0.dylib
0x00000000062c2000 	/System/Library/Frameworks/CoreServices.framework/Versions/A/Frameworks/CarbonCore.framework/Versions/A/CarbonCore
0x00000000062c2000 	/System/Library/Frameworks/CoreServices.framework/Versions/A/Frameworks/Metadata.framework/Versions/A/Metadata
0x00000000062c2000 	/System/Library/Frameworks/CoreServices.framework/Versions/A/Frameworks/OSServices.framework/Versions/A/OSServices
0x00000000062c2000 	/System/Library/Frameworks/CoreServices.framework/Versions/A/Frameworks/SearchKit.framework/Versions/A/SearchKit
0x00000000062c2000 	/System/Library/Frameworks/CoreServices.framework/Versions/A/Frameworks/AE.framework/Versions/A/AE
0x00000000062c2000 	/System/Library/Frameworks/CoreServices.framework/Versions/A/Frameworks/LaunchServices.framework/Versions/A/LaunchServices
0x00000000062c2000 	/System/Library/Frameworks/CoreServices.framework/Versions/A/Frameworks/DictionaryServices.framework/Versions/A/DictionaryServices
0x00000000062c2000 	/System/Library/Frameworks/NetFS.framework/Versions/A/NetFS
0x00000000062c2000 	/usr/lib/system/libkxld.dylib
0x00000000062c2000 	/System/Library/PrivateFrameworks/NetAuth.framework/Versions/A/NetAuth
0x00000000062c2000 	/System/Library/PrivateFrameworks/TCC.framework/Versions/A/TCC
0x00000000062c2000 	/System/Library/Frameworks/OpenDirectory.framework/Versions/A/Frameworks/CFOpenDirectory.framework/Versions/A/CFOpenDirectory
0x00000000062c2000 	/System/Library/Frameworks/ServiceManagement.framework/Versions/A/ServiceManagement
0x00000000062c2000 	/usr/lib/libxslt.1.dylib
0x00000000062c2000 	/System/Library/Frameworks/Carbon.framework/Versions/A/Frameworks/Ink.framework/Versions/A/Ink
0x00000000062c2000 	/System/Library/Frameworks/ApplicationServices.framework/Versions/A/Frameworks/ATS.framework/Versions/A/ATS
0x00000000062c2000 	/System/Library/Frameworks/ApplicationServices.framework/Versions/A/Frameworks/ColorSync.framework/Versions/A/ColorSync
0x00000000062c2000 	/System/Library/Frameworks/ApplicationServices.framework/Versions/A/Frameworks/HIServices.framework/Versions/A/HIServices
0x00000000062c2000 	/System/Library/Frameworks/ApplicationServices.framework/Versions/A/Frameworks/LangAnalysis.framework/Versions/A/LangAnalysis
0x00000000062c2000 	/System/Library/Frameworks/ApplicationServices.framework/Versions/A/Frameworks/PrintCore.framework/Versions/A/PrintCore
0x00000000062c2000 	/System/Library/Frameworks/ApplicationServices.framework/Versions/A/Frameworks/QD.framework/Versions/A/QD
0x00000000062c2000 	/System/Library/Frameworks/ApplicationServices.framework/Versions/A/Frameworks/SpeechSynthesis.framework/Versions/A/SpeechSynthesis
0x00000000062c2000 	/System/Library/Frameworks/IOSurface.framework/Versions/A/IOSurface
0x00000000062c2000 	/System/Library/Frameworks/Accelerate.framework/Versions/A/Accelerate
0x00000000062c2000 	/System/Library/Frameworks/Accelerate.framework/Versions/A/Frameworks/vImage.framework/Versions/A/vImage
0x00000000062c2000 	/System/Library/Frameworks/Accelerate.framework/Versions/A/Frameworks/vecLib.framework/Versions/A/vecLib
0x00000000062c2000 	/System/Library/Frameworks/Accelerate.framework/Versions/A/Frameworks/vecLib.framework/Versions/A/libvDSP.dylib
0x00000000062c2000 	/System/Library/Frameworks/Accelerate.framework/Versions/A/Frameworks/vecLib.framework/Versions/A/libvMisc.dylib
0x00000000062c2000 	/System/Library/Frameworks/Accelerate.framework/Versions/A/Frameworks/vecLib.framework/Versions/A/libLAPACK.dylib
0x00000000062c2000 	/System/Library/Frameworks/Accelerate.framework/Versions/A/Frameworks/vecLib.framework/Versions/A/libBLAS.dylib
0x00000000062c2000 	/System/Library/Frameworks/ApplicationServices.framework/Versions/A/Frameworks/ATS.framework/Versions/A/Resources/libFontParser.dylib
0x00000000062c2000 	/System/Library/Frameworks/ApplicationServices.framework/Versions/A/Frameworks/ATS.framework/Versions/A/Resources/libFontRegistry.dylib
0x00000000062c2000 	/System/Library/Frameworks/ImageIO.framework/Versions/A/Resources/libJPEG.dylib
0x00000000062c2000 	/System/Library/Frameworks/ImageIO.framework/Versions/A/Resources/libTIFF.dylib
0x00000000062c2000 	/System/Library/Frameworks/ImageIO.framework/Versions/A/Resources/libPng.dylib
0x00000000062c2000 	/System/Library/Frameworks/ImageIO.framework/Versions/A/Resources/libGIF.dylib
0x00000000062c2000 	/System/Library/Frameworks/ImageIO.framework/Versions/A/Resources/libJP2.dylib
0x00000000062c2000 	/System/Library/Frameworks/ImageIO.framework/Versions/A/Resources/libRadiance.dylib
0x00000000062c2000 	/usr/lib/libcups.2.dylib
0x00000000062c2000 	/System/Library/Frameworks/Kerberos.framework/Versions/A/Kerberos
0x00000000062c2000 	/System/Library/Frameworks/GSS.framework/Versions/A/GSS
0x00000000062c2000 	/usr/lib/libresolv.9.dylib
0x00000000062c2000 	/usr/lib/libiconv.2.dylib
0x00000000062c2000 	/System/Library/PrivateFrameworks/Heimdal.framework/Versions/A/Heimdal
0x00000000062c2000 	/System/Library/PrivateFrameworks/TrustEvaluationAgent.framework/Versions/A/TrustEvaluationAgent
0x00000000062c2000 	/usr/lib/libheimdal-asn1.dylib
0x00000000062c2000 	/System/Library/Frameworks/OpenDirectory.framework/Versions/A/OpenDirectory
0x00000000062c2000 	/System/Library/PrivateFrameworks/CommonAuth.framework/Versions/A/CommonAuth
0x00000000062c2000 	/System/Library/Frameworks/SecurityFoundation.framework/Versions/A/SecurityFoundation
0x00000000062c2000 	/System/Library/PrivateFrameworks/Bom.framework/Versions/A/Bom
0x00000000062c2000 	/System/Library/Frameworks/CoreVideo.framework/Versions/A/CoreVideo
0x00000000062c2000 	/System/Library/Frameworks/QuartzCore.framework/Versions/A/Frameworks/CoreImage.framework/Versions/A/CoreImage
0x00000000062c2000 	/System/Library/Frameworks/QuartzCore.framework/Versions/A/Frameworks/ScalableUserInterface.framework/Versions/A/ScalableUserInterface
0x00000000062c2000 	/System/Library/Frameworks/OpenGL.framework/Versions/A/Libraries/libGLU.dylib
0x00000000062c2000 	/System/Library/Frameworks/OpenGL.framework/Versions/A/Libraries/libGFXShared.dylib
0x00000000062c2000 	/System/Library/Frameworks/OpenGL.framework/Versions/A/Libraries/libGL.dylib
0x00000000062c2000 	/System/Library/Frameworks/OpenGL.framework/Versions/A/Libraries/libGLImage.dylib
0x00000000062c2000 	/System/Library/Frameworks/OpenGL.framework/Versions/A/Libraries/libCVMSPluginSupport.dylib
0x00000000062c2000 	/System/Library/Frameworks/OpenGL.framework/Versions/A/Libraries/libCoreVMClient.dylib
0x00000000062c2000 	/System/Library/PrivateFrameworks/FaceCore.framework/Versions/A/FaceCore
0x00000000062c2000 	/System/Library/PrivateFrameworks/CrashReporterSupport.framework/Versions/A/CrashReporterSupport
0x00000000062c2000 	/System/Library/Frameworks/OpenCL.framework/Versions/A/OpenCL
0x00000000062c2000 	/System/Library/PrivateFrameworks/AppleFSCompression.framework/Versions/A/AppleFSCompression
0x00000000062c2000 	/System/Library/PrivateFrameworks/Ubiquity.framework/Versions/A/Ubiquity
0x00000000062c2000 	/System/Library/PrivateFrameworks/IconServices.framework/Versions/A/IconServices
0x00000000062c2000 	/System/Library/PrivateFrameworks/ChunkingLibrary.framework/Versions/A/ChunkingLibrary
0x00000000062c2000 	/System/Library/PrivateFrameworks/CoreSymbolication.framework/Versions/A/CoreSymbolication
0x00000000062c2000 	/System/Library/PrivateFrameworks/Symbolication.framework/Versions/A/Symbolication
0x00000000062c2000 	/System/Library/PrivateFrameworks/DebugSymbols.framework/Versions/A/DebugSymbols
0x0000000105e00000 	/Library/Java/JavaVirtualMachines/jdk1.8.0_25.jdk/Contents/Home/jre/lib/server/libjvm.dylib
0x00000000062c2000 	/usr/lib/libstdc++.6.dylib
0x0000000104dac000 	/Library/Java/JavaVirtualMachines/jdk1.8.0_25.jdk/Contents/Home/jre/lib/libverify.dylib
0x0000000104dba000 	/Library/Java/JavaVirtualMachines/jdk1.8.0_25.jdk/Contents/Home/jre/lib/libjava.dylib
0x0000000104df7000 	/Library/Java/JavaVirtualMachines/jdk1.8.0_25.jdk/Contents/Home/jre/lib/libzip.dylib
0x00000001de0b0000 	/System/Library/Frameworks/JavaVM.framework/Frameworks/JavaRuntimeSupport.framework/JavaRuntimeSupport
0x00000001de0c8000 	/System/Library/Frameworks/JavaVM.framework/Versions/A/Frameworks/JavaNativeFoundation.framework/Versions/A/JavaNativeFoundation
0x00000001161f0000 	/System/Library/Frameworks/JavaVM.framework/Versions/A/JavaVM
0x00000000062c2000 	/System/Library/Frameworks/Carbon.framework/Versions/A/Carbon
0x00000001de0dd000 	/System/Library/PrivateFrameworks/JavaLaunching.framework/Versions/A/JavaLaunching
0x00000000062c2000 	/System/Library/Frameworks/Carbon.framework/Versions/A/Frameworks/CommonPanels.framework/Versions/A/CommonPanels
0x00000000062c2000 	/System/Library/Frameworks/Carbon.framework/Versions/A/Frameworks/Help.framework/Versions/A/Help
0x00000000062c2000 	/System/Library/Frameworks/Carbon.framework/Versions/A/Frameworks/ImageCapture.framework/Versions/A/ImageCapture
0x00000000062c2000 	/System/Library/Frameworks/Carbon.framework/Versions/A/Frameworks/OpenScripting.framework/Versions/A/OpenScripting
0x00000000062c2000 	/System/Library/Frameworks/Carbon.framework/Versions/A/Frameworks/Print.framework/Versions/A/Print
0x00000000062c2000 	/System/Library/Frameworks/Carbon.framework/Versions/A/Frameworks/SecurityHI.framework/Versions/A/SecurityHI
0x00000001de88e000 	/Users/Simon/Documents/SpaceGame/lib/natives/liblwjgl.dylib
0x00000001de8ef000 	/Users/Simon/Documents/SpaceGame/lib/natives/libjemalloc.dylib
0x00000001de92a000 	/Users/Simon/Documents/SpaceGame/lib/natives/libglfw.dylib
0x00000000062c2000 	/System/Library/PrivateFrameworks/CoreServicesInternal.framework/Versions/A/CoreServicesInternal
0x00000000062c2000 	/System/Library/PrivateFrameworks/Librarian.framework/Versions/A/Librarian
0x00000000062c2000 	/System/Library/PrivateFrameworks/FamilyControls.framework/Versions/A/FamilyControls
0x00000000062c2000 	/System/Library/PrivateFrameworks/CommerceKit.framework/Versions/A/Frameworks/CommerceCore.framework/Versions/A/CommerceCore
0x00000000062c2000 	/System/Library/PrivateFrameworks/SystemAdministration.framework/Versions/A/SystemAdministration
0x00000000062c2000 	/System/Library/Frameworks/DirectoryService.framework/Versions/A/DirectoryService
0x00000000062c2000 	/System/Library/PrivateFrameworks/DiskImages.framework/Versions/A/DiskImages
0x00000000062c2000 	/System/Library/PrivateFrameworks/LoginUIKit.framework/Versions/A/Frameworks/LoginUICore.framework/Versions/A/LoginUICore
0x00000000062c2000 	/usr/lib/libCoreStorage.dylib
0x00000000062c2000 	/usr/lib/libcsfde.dylib
0x00000000062c2000 	/usr/lib/libodfde.dylib
0x00000000062c2000 	/System/Library/Frameworks/DiscRecording.framework/Versions/A/DiscRecording
0x00000000062c2000 	/usr/lib/libcurl.4.dylib
0x00000000062c2000 	/System/Library/PrivateFrameworks/MediaKit.framework/Versions/A/MediaKit
0x00000000062c2000 	/System/Library/PrivateFrameworks/EFILogin.framework/Versions/A/EFILogin
0x00000000062c2000 	/usr/lib/libutil.dylib
0x00000000062c2000 	/System/Library/PrivateFrameworks/AOSNotification.framework/Versions/A/AOSNotification
0x00000000062c2000 	/System/Library/Frameworks/LDAP.framework/Versions/A/LDAP
0x00000000062c2000 	/usr/lib/libsasl2.2.dylib
0x00000000062c2000 	/usr/lib/libcrypto.0.9.8.dylib
0x00000000062c2000 	/usr/lib/libssl.0.9.8.dylib
0x00000000062c2000 	/System/Library/Frameworks/CoreGraphics.framework/Versions/A/Resources/libCGCMS.A.dylib
0x00000000062c2000 	/System/Library/Frameworks/CoreGraphics.framework/Versions/A/Resources/libRIP.A.dylib
0x00000000062c2000 	/System/Library/Frameworks/OpenGL.framework/Versions/A/Resources/GLEngine.bundle/GLEngine
0x00000000062c2000 	/System/Library/Frameworks/OpenGL.framework/Versions/A/Libraries/libGLProgrammability.dylib
0x00000001e18a9000 	/System/Library/Extensions/AppleIntelHD4000GraphicsGLDriver.bundle/Contents/MacOS/AppleIntelHD4000GraphicsGLDriver
0x00000000062c2000 	/System/Library/PrivateFrameworks/IOAccelerator.framework/Versions/A/IOAccelerator
0x00000000062c2000 	/System/Library/PrivateFrameworks/GPUSupport.framework/Versions/A/Libraries/libGPUSupportMercury.dylib
0x0000000000000000 	/System/Library/Extensions/GeForceGLDriver.bundle/Contents/MacOS/GeForceGLDriver
0x00000000062c2000 	/System/Library/Extensions/GeForceGLDriver.bundle/Contents/MacOS/libclh.dylib
0x00000000062c2000 	/System/Library/Frameworks/OpenGL.framework/Versions/A/Resources/GLRendererFloat.bundle/GLRendererFloat
0x00000000062c2000 	/System/Library/Frameworks/OpenCL.framework/Versions/A/Libraries/libcldcpuengine.dylib
0x00000000062c2000 	/System/Library/Frameworks/CoreGraphics.framework/Versions/A/Resources/libCGXType.A.dylib

VM Arguments:
jvm_args: -Djava.library.path=/Users/Simon/Documents/SpaceGame/lib/natives -Dfile.encoding=UTF-8 
java_command: testing.Test
java_class_path (initial): /Users/Simon/Documents/SpaceGame/bin:/Users/Simon/Documents/SpaceGame/lib/jars/lwjgl.jar
Launcher Type: SUN_STANDARD

Environment Variables:
PATH=/usr/bin:/bin:/usr/sbin:/sbin
SHELL=/bin/bash
DISPLAY=/tmp/launch-QUo86Z/org.macosforge.xquartz:0

Signal Handlers:
SIGSEGV: [libjvm.dylib+0x579dc7], sa_mask[0]=11111111011111110111111111111111, sa_flags=SA_ONSTACK|SA_RESTART|SA_SIGINFO
SIGBUS: [libjvm.dylib+0x579dc7], sa_mask[0]=11111111011111110111111111111111, sa_flags=SA_RESTART|SA_SIGINFO
SIGFPE: [libjvm.dylib+0x45b030], sa_mask[0]=11111111011111110111111111111111, sa_flags=SA_RESTART|SA_SIGINFO
SIGPIPE: [libjvm.dylib+0x45b030], sa_mask[0]=11111111011111110111111111111111, sa_flags=SA_RESTART|SA_SIGINFO
SIGXFSZ: [libjvm.dylib+0x45b030], sa_mask[0]=11111111011111110111111111111111, sa_flags=SA_RESTART|SA_SIGINFO
SIGILL: [libjvm.dylib+0x45b030], sa_mask[0]=11111111011111110111111111111111, sa_flags=SA_RESTART|SA_SIGINFO
SIGUSR1: SIG_DFL, sa_mask[0]=00000000000000000000000000000000, sa_flags=SA_RESTART
SIGUSR2: [libjvm.dylib+0x45ab4e], sa_mask[0]=00100000000000000000000000000000, sa_flags=SA_RESTART|SA_SIGINFO
SIGHUP: [libjvm.dylib+0x459121], sa_mask[0]=11111111011111110111111111111111, sa_flags=SA_RESTART|SA_SIGINFO
SIGINT: [libjvm.dylib+0x459121], sa_mask[0]=11111111011111110111111111111111, sa_flags=SA_RESTART|SA_SIGINFO
SIGTERM: [libjvm.dylib+0x459121], sa_mask[0]=11111111011111110111111111111111, sa_flags=SA_RESTART|SA_SIGINFO
SIGQUIT: [libjvm.dylib+0x459121], sa_mask[0]=11111111011111110111111111111111, sa_flags=SA_RESTART|SA_SIGINFO


---------------  S Y S T E M  ---------------

OS:Bsduname:Darwin 13.4.0 Darwin Kernel Version 13.4.0: Wed Mar 18 16:20:14 PDT 2015; root:xnu-2422.115.14~1/RELEASE_X86_64 x86_64
rlimit: STACK 8192k, CORE 0k, NPROC 709, NOFILE 10240, AS infinity
load average:1.34 1.46 1.48

CPU:total 8 (4 cores per cpu, 2 threads per core) family 6 model 58 stepping 9, cmov, cx8, fxsr, mmx, sse, sse2, sse3, ssse3, sse4.1, sse4.2, popcnt, avx, aes, clmul, erms, ht, tsc, tscinvbit, tscinv

Memory: 4k page, physical 8388608k(1851044k free)

/proc/meminfo:


vm_info: Java HotSpot(TM) 64-Bit Server VM (25.25-b02) for bsd-amd64 JRE (1.8.0_25-b17), built on Sep 17 2014 16:56:50 by "java_re" with gcc 4.2.1 (Based on Apple Inc. build 5658) (LLVM build 2336.11.00)

time: Thu May 12 08:11:05 2016
elapsed time: 1 seconds (0d 0h 0m 1s)

