#
# A fatal error has been detected by the Java Runtime Environment:
#
#  SIGSEGV (0xb) at pc=0x00001234402e3db0, pid=17923, tid=3335
#
# JRE version: Java(TM) SE Runtime Environment (8.0_25-b17) (build 1.8.0_25-b17)
# Java VM: Java HotSpot(TM) 64-Bit Server VM (25.25-b02 mixed mode bsd-amd64 compressed oops)
# Problematic frame:
# C  [GeForceGLDriver+0x2e3db0]  gldReadTextureData+0xd27dd
#
# Failed to write core dump. Core dumps have been disabled. To enable core dumping, try "ulimit -c unlimited" before starting Java again
#
# If you would like to submit a bug report, please visit:
#   http://bugreport.sun.com/bugreport/crash.jsp
# The crash happened outside the Java Virtual Machine in native code.
# See problematic frame for where to report the bug.
#

---------------  T H R E A D  ---------------

Current thread (0x00007faf54002000):  JavaThread "main" [_thread_in_native, id=3335, stack(0x00007fff5348e000,0x00007fff53c8e000)]

siginfo: si_signo: 11 (SIGSEGV), si_code: 1 (SEGV_MAPERR), si_addr: 0x0000000000000008

Registers:
RAX=0x0000000000000000, RBX=0x00007faf524e4340, RCX=0x0000000000000000, RDX=0x0000123441b39840
RSP=0x00007fff53c8a860, RBP=0x00007fff53c8a890, RSI=0x00007faf524e4340, RDI=0x0000000000000000
R8 =0x00007faf571a83fc, R9 =0x00007faf52d89600, R10=0x0000000000000000, R11=0x0000000000000005
R12=0x00007faf4036fb50, R13=0x00007faf54c61cf8, R14=0x00007faf52938000, R15=0x00007faf54c61d60
RIP=0x00001234402e3db0, EFLAGS=0x0000000000010246, ERR=0x0000000000000006
  TRAPNO=0x000000000000000e

Top of Stack: (sp=0x00007fff53c8a860)
0x00007fff53c8a860:   00007fff76b6d302 0000123441b49938
0x00007fff53c8a870:   00007faf524e4340 00007faf54c61cf8
0x00007fff53c8a880:   00007faf4036fb50 00000000ffffffff
0x00007fff53c8a890:   00007fff53c8a910 00001234402e424d
0x00007fff53c8a8a0:   00007fff53c8a9f0 00007fff93a6d301
0x00007fff53c8a8b0:   00007fff53c8a900 0000000140307616
0x00007fff53c8a8c0:   00007faf54c61d60 0000000127191000
0x00007fff53c8a8d0:   0000000000000000 00007faf5381d600
0x00007fff53c8a8e0:   00007faf52938000 0000000100000000
0x00007fff53c8a8f0:   0000000100000000 00007faf52938000
0x00007fff53c8a900:   00007faf52d89600 00007faf524e4340
0x00007fff53c8a910:   00007fff53c8a990 00007fff92d25857
0x00007fff53c8a920:   0000000000000000 0000123440315e66
0x00007fff53c8a930:   ffffffffffffffff ffffffffffffffff
0x00007fff53c8a940:   0000ffffffff0000 ffffffffffffffff
0x00007fff53c8a950:   0000ffffffff0000 0000000127102000
0x00007fff53c8a960:   ffffffffffffffff 0000000000000000
0x00007fff53c8a970:   00007faf571a87b8 0000000127102000
0x00007fff53c8a980:   0000000000000011 0000000000000000
0x00007fff53c8a990:   00007fff53c8a9f0 0000123440316c9c
0x00007fff53c8a9a0:   0000000000000002 00007faf57001730
0x00007fff53c8a9b0:   00007faf52d89600 0000000000000000
0x00007fff53c8a9c0:   00007fff53c8a9f0 0000000000000000
0x00007fff53c8a9d0:   0000000000000002 00007faf57001730
0x00007fff53c8a9e0:   0000000127102000 0000000127102000
0x00007fff53c8a9f0:   00007fff53c8aa50 00001234402f4ae8
0x00007fff53c8aa00:   0000000000000001 00007faf5700e658
0x00007fff53c8aa10:   0000000127103b20 0000000100000000
0x00007fff53c8aa20:   0000000127191000 00007faf57001200
0x00007fff53c8aa30:   00007faf57001730 0000000797683028
0x00007fff53c8aa40:   0000000000000040 0000000000000001
0x00007fff53c8aa50:   00007fff53c8aa90 00007fff93a9279a 

Instructions: (pc=0x00001234402e3db0)
0x00001234402e3d90:   24 30 74 27 80 7b 53 02 0f 94 c0 0f b6 c0 48 8b
0x00001234402e3da0:   bc c3 c8 00 00 00 e8 56 0b 00 00 49 8b 4c 24 28
0x00001234402e3db0:   83 49 08 40 49 8b 44 24 30 eb 05 49 8b 4c 24 28
0x00001234402e3dc0:   49 8b 55 10 48 89 51 10 48 89 93 a0 00 00 00 48 

Register to memory mapping:

RAX=0x0000000000000000 is an unknown value
RBX=0x00007faf524e4340 is an unknown value
RCX=0x0000000000000000 is an unknown value
RDX=0x0000123441b39840: gldBlitFramebufferData+0x1843664 in /System/Library/Extensions/GeForceGLDriver.bundle/Contents/MacOS/GeForceGLDriver at 0x0000123440000000
RSP=0x00007fff53c8a860 is pointing into the stack for thread: 0x00007faf54002000
RBP=0x00007fff53c8a890 is pointing into the stack for thread: 0x00007faf54002000
RSI=0x00007faf524e4340 is an unknown value
RDI=0x0000000000000000 is an unknown value
R8 =0x00007faf571a83fc is an unknown value
R9 =0x00007faf52d89600 is an unknown value
R10=0x0000000000000000 is an unknown value
R11=0x0000000000000005 is an unknown value
R12=0x00007faf4036fb50 is an unknown value
R13=0x00007faf54c61cf8 is an unknown value
R14=0x00007faf52938000 is an unknown value
R15=0x00007faf54c61d60 is an unknown value


Stack: [0x00007fff5348e000,0x00007fff53c8e000],  sp=0x00007fff53c8a860,  free space=8178k
Native frames: (J=compiled Java code, j=interpreted, Vv=VM code, C=native code)
C  [GeForceGLDriver+0x2e3db0]  gldReadTextureData+0xd27dd
C  [GeForceGLDriver+0x2e424d]  gldReadTextureData+0xd2c7a
C  [libGPUSupportMercury.dylib+0x9857]  gpusLoadCurrentVertexArray+0x25d
C  [GeForceGLDriver+0x316c9c]  gldBlitFramebufferData+0x20ac0
C  [GeForceGLDriver+0x2f4ae8]  gldUpdateDispatch+0x40b
C  [GLEngine+0xf879a]  gleDoDrawDispatchCoreGL3+0x1f6
C  [GLEngine+0xacd9a]  gleDrawArraysOrElements_Entries_Body+0x74
C  [GLEngine+0xa6703]  glDrawElements_GL3Exec+0xcf
J 628  org.lwjgl.system.JNI.callIIIPV(JIIIJ)V (0 bytes) @ 0x000000010e3e3808 [0x000000010e3e3740+0xc8]
J 637 C2 gameEngine.Map$$Lambda$2.accept(Ljava/lang/Object;)V (12 bytes) @ 0x000000010e3f7ba4 [0x000000010e3f76c0+0x4e4]

Java frames: (J=compiled Java code, j=interpreted, Vv=VM code)
J 628  org.lwjgl.system.JNI.callIIIPV(JIIIJ)V (0 bytes) @ 0x000000010e3e378e [0x000000010e3e3740+0x4e]
J 637 C2 gameEngine.Map$$Lambda$2.accept(Ljava/lang/Object;)V (12 bytes) @ 0x000000010e3f7ba4 [0x000000010e3f76c0+0x4e4]
J 648 C2 java.util.ArrayList$ArrayListSpliterator.forEachRemaining(Ljava/util/function/Consumer;)V (129 bytes) @ 0x000000010e3f666c [0x000000010e3f6560+0x10c]
J 654 C1 gameEngine.Map$$Lambda$1.accept(Ljava/lang/Object;)V (12 bytes) @ 0x000000010e3fd334 [0x000000010e3fc840+0xaf4]
j  java.util.ArrayList$ArrayListSpliterator.forEachRemaining(Ljava/util/function/Consumer;)V+99
j  java.util.stream.ReferencePipeline$Head.forEach(Ljava/util/function/Consumer;)V+12
j  gameEngine.Map.draw()V+21
j  gameEngine.EntityManager.draw()V+4
j  GUI.Window.render()V+20
j  GUI.Window.run()V+66
j  GUI.Window.main([Ljava/lang/String;)V+9
v  ~StubRoutines::call_stub

---------------  P R O C E S S  ---------------

Java Threads: ( => current thread )
  0x00007faf52887800 JavaThread "Service Thread" daemon [_thread_blocked, id=21763, stack(0x000000012575a000,0x000000012585a000)]
  0x00007faf55800000 JavaThread "C1 CompilerThread3" daemon [_thread_blocked, id=21251, stack(0x0000000125657000,0x0000000125757000)]
  0x00007faf55003000 JavaThread "C2 CompilerThread2" daemon [_thread_blocked, id=20739, stack(0x0000000125554000,0x0000000125654000)]
  0x00007faf52864800 JavaThread "C2 CompilerThread1" daemon [_thread_blocked, id=20227, stack(0x0000000125451000,0x0000000125551000)]
  0x00007faf52863000 JavaThread "C2 CompilerThread0" daemon [_thread_blocked, id=19715, stack(0x000000012534e000,0x000000012544e000)]
  0x00007faf5402f800 JavaThread "Signal Dispatcher" daemon [_thread_blocked, id=19207, stack(0x000000012524b000,0x000000012534b000)]
  0x00007faf53805000 JavaThread "Finalizer" daemon [_thread_blocked, id=16643, stack(0x000000012511a000,0x000000012521a000)]
  0x00007faf54015000 JavaThread "Reference Handler" daemon [_thread_blocked, id=16131, stack(0x0000000125017000,0x0000000125117000)]
=>0x00007faf54002000 JavaThread "main" [_thread_in_native, id=3335, stack(0x00007fff5348e000,0x00007fff53c8e000)]

Other Threads:
  0x00007faf5285c800 VMThread [stack: 0x0000000124f14000,0x0000000125014000] [id=15619]
  0x00007faf52888000 WatcherThread [stack: 0x000000012585d000,0x000000012595d000] [id=22275]

VM state:not at safepoint (normal execution)

VM Mutex/Monitor currently owned by a thread: None

Heap:
 PSYoungGen      total 38400K, used 36736K [0x0000000795580000, 0x0000000798000000, 0x00000007c0000000)
  eden space 33280K, 95% used [0x0000000795580000,0x0000000797464008,0x0000000797600000)
  from space 5120K, 99% used [0x0000000797600000,0x0000000797afc020,0x0000000797b00000)
  to   space 5120K, 0% used [0x0000000797b00000,0x0000000797b00000,0x0000000798000000)
 ParOldGen       total 87552K, used 9791K [0x0000000740000000, 0x0000000745580000, 0x0000000795580000)
  object space 87552K, 11% used [0x0000000740000000,0x000000074098fdc0,0x0000000745580000)
 Metaspace       used 8342K, capacity 8570K, committed 8704K, reserved 1056768K
  class space    used 661K, capacity 693K, committed 768K, reserved 1048576K

Card table byte_map: [0x000000011d4dc000,0x000000011d8dd000] byte_map_base: 0x0000000119adc000

Marking Bits: (ParMarkBitMap*) 0x000000010da9d390
 Begin Bits: [0x000000011e3a0000, 0x00000001203a0000)
 End Bits:   [0x00000001203a0000, 0x00000001223a0000)

Polling page: 0x000000010c1cf000

CodeCache: size=245760Kb used=2955Kb max_used=2955Kb free=242804Kb
 bounds [0x000000010e11c000, 0x000000010e40c000, 0x000000011d11c000]
 total_blobs=1339 nmethods=661 adapters=593
 compilation: enabled

Compilation events (10 events):
Event: 63.669 Thread 0x00007faf55800000  657       3       gameEngine.Map$$Lambda$2/1531333864::<init> (10 bytes)
Event: 63.670 Thread 0x00007faf55800000 nmethod 657 0x000000010e3fe610 code [0x000000010e3fe780, 0x000000010e3fe950]
Event: 66.758 Thread 0x00007faf55800000  658       3       java.util.stream.StreamOpFlag::fromCharacteristics (37 bytes)
Event: 66.758 Thread 0x00007faf55800000 nmethod 658 0x000000010e3fea10 code [0x000000010e3feba0, 0x000000010e3feef8]
Event: 66.979 Thread 0x00007faf55800000  659       3       java.util.ArrayList$ArrayListSpliterator::<init> (26 bytes)
Event: 66.980 Thread 0x00007faf55800000 nmethod 659 0x000000010e3fefd0 code [0x000000010e3ff140, 0x000000010e3ff310]
Event: 66.980 Thread 0x00007faf55800000  660       3       java.util.stream.AbstractPipeline::<init> (55 bytes)
Event: 66.980 Thread 0x00007faf55800000 nmethod 660 0x000000010e3ff3d0 code [0x000000010e3ff540, 0x000000010e3ff7b0]
Event: 67.831 Thread 0x00007faf55800000  661       3       java.util.stream.AbstractPipeline::sourceStageSpliterator (112 bytes)
Event: 67.831 Thread 0x00007faf55800000 nmethod 661 0x000000010e3ff890 code [0x000000010e3ffa60, 0x000000010e4000d8]

GC Heap History (2 events):
Event: 2.058 GC heap before
{Heap before GC invocations=1 (full 0):
 PSYoungGen      total 38400K, used 33280K [0x0000000795580000, 0x0000000798000000, 0x00000007c0000000)
  eden space 33280K, 100% used [0x0000000795580000,0x0000000797600000,0x0000000797600000)
  from space 5120K, 0% used [0x0000000797b00000,0x0000000797b00000,0x0000000798000000)
  to   space 5120K, 0% used [0x0000000797600000,0x0000000797600000,0x0000000797b00000)
 ParOldGen       total 87552K, used 0K [0x0000000740000000, 0x0000000745580000, 0x0000000795580000)
  object space 87552K, 0% used [0x0000000740000000,0x0000000740000000,0x0000000745580000)
 Metaspace       used 7542K, capacity 8410K, committed 8576K, reserved 1056768K
  class space    used 569K, capacity 586K, committed 640K, reserved 1048576K
Event: 2.074 GC heap after
Heap after GC invocations=1 (full 0):
 PSYoungGen      total 38400K, used 5104K [0x0000000795580000, 0x0000000798000000, 0x00000007c0000000)
  eden space 33280K, 0% used [0x0000000795580000,0x0000000795580000,0x0000000797600000)
  from space 5120K, 99% used [0x0000000797600000,0x0000000797afc020,0x0000000797b00000)
  to   space 5120K, 0% used [0x0000000797b00000,0x0000000797b00000,0x0000000798000000)
 ParOldGen       total 87552K, used 9791K [0x0000000740000000, 0x0000000745580000, 0x0000000795580000)
  object space 87552K, 11% used [0x0000000740000000,0x000000074098fdc0,0x0000000745580000)
 Metaspace       used 7542K, capacity 8410K, committed 8576K, reserved 1056768K
  class space    used 569K, capacity 586K, committed 640K, reserved 1048576K
}

Deoptimization events (1 events):
Event: 63.235 Thread 0x00007faf54002000 Uncommon trap: reason=predicate action=maybe_recompile pc=0x000000010e3f54bc method=java.util.ArrayList$ArrayListSpliterator.forEachRemaining(Ljava/util/function/Consumer;)V @ 90

Internal exceptions (10 events):
Event: 1.356 Thread 0x00007faf54002000 Exception <a 'java/security/PrivilegedActionException'> (0x00000007965055a8) thrown at [/HUDSON3/workspace/8-2-build-macosx-x86_64/jdk8u25/1514/hotspot/src/share/vm/prims/jvm.cpp, line 1312]
Event: 1.356 Thread 0x00007faf54002000 Exception <a 'java/security/PrivilegedActionException'> (0x0000000796508648) thrown at [/HUDSON3/workspace/8-2-build-macosx-x86_64/jdk8u25/1514/hotspot/src/share/vm/prims/jvm.cpp, line 1312]
Event: 1.357 Thread 0x00007faf54002000 Exception <a 'java/security/PrivilegedActionException'> (0x0000000796517360) thrown at [/HUDSON3/workspace/8-2-build-macosx-x86_64/jdk8u25/1514/hotspot/src/share/vm/prims/jvm.cpp, line 1312]
Event: 1.357 Thread 0x00007faf54002000 Exception <a 'java/security/PrivilegedActionException'> (0x000000079651b3a0) thrown at [/HUDSON3/workspace/8-2-build-macosx-x86_64/jdk8u25/1514/hotspot/src/share/vm/prims/jvm.cpp, line 1312]
Event: 1.357 Thread 0x00007faf54002000 Exception <a 'java/security/PrivilegedActionException'> (0x000000079651dfd8) thrown at [/HUDSON3/workspace/8-2-build-macosx-x86_64/jdk8u25/1514/hotspot/src/share/vm/prims/jvm.cpp, line 1312]
Event: 1.358 Thread 0x00007faf54002000 Exception <a 'java/security/PrivilegedActionException'> (0x00000007965214a0) thrown at [/HUDSON3/workspace/8-2-build-macosx-x86_64/jdk8u25/1514/hotspot/src/share/vm/prims/jvm.cpp, line 1312]
Event: 3.246 Thread 0x00007faf54002000 Exception <a 'java/lang/ClassNotFoundException': java/lang/Null> (0x0000000797341b60) thrown at [/HUDSON3/workspace/8-2-build-macosx-x86_64/jdk8u25/1514/hotspot/src/share/vm/classfile/systemDictionary.cpp, line 202]
Event: 3.263 Thread 0x00007faf54002000 Exception <a 'java/lang/NoSuchFieldError': method resolution failed> (0x00000007973a57a0) thrown at [/HUDSON3/workspace/8-2-build-macosx-x86_64/jdk8u25/1514/hotspot/src/share/vm/prims/methodHandles.cpp, line 1159]
Event: 3.268 Thread 0x00007faf54002000 Exception <a 'java/lang/NoSuchFieldError': method resolution failed> (0x00000007973b4308) thrown at [/HUDSON3/workspace/8-2-build-macosx-x86_64/jdk8u25/1514/hotspot/src/share/vm/prims/methodHandles.cpp, line 1159]
Event: 3.269 Thread 0x00007faf54002000 Exception <a 'java/lang/NoSuchFieldError': method resolution failed> (0x00000007973b7468) thrown at [/HUDSON3/workspace/8-2-build-macosx-x86_64/jdk8u25/1514/hotspot/src/share/vm/prims/methodHandles.cpp, line 1159]

Events (10 events):
Event: 3.282 loading class gameEngine/Hexagon done
Event: 3.282 loading class gameEngine/Map
Event: 3.282 loading class gameEngine/Map done
Event: 4.090 Executing VM operation: EnableBiasedLocking
Event: 4.090 Executing VM operation: EnableBiasedLocking done
Event: 60.590 Thread 0x00007faf54002000 DEOPT PACKING pc=0x000000010e3ece0f sp=0x00007fff53c8abe0
Event: 60.590 Thread 0x00007faf54002000 DEOPT UNPACKING pc=0x000000010e163373 sp=0x00007fff53c8a940 mode 0
Event: 63.235 Thread 0x00007faf54002000 Uncommon trap: trap_request=0xffffff86 fr.pc=0x000000010e3f54bc
Event: 63.235 Thread 0x00007faf54002000 DEOPT PACKING pc=0x000000010e3f54bc sp=0x00007fff53c8adc0
Event: 63.235 Thread 0x00007faf54002000 DEOPT UNPACKING pc=0x000000010e120f69 sp=0x00007fff53c8ad80 mode 2


Dynamic libraries:
0x00000000062c2000 	/System/Library/Frameworks/Cocoa.framework/Versions/A/Cocoa
0x00000000062c2000 	/System/Library/Frameworks/Security.framework/Versions/A/Security
0x00000000062c2000 	/System/Library/Frameworks/ApplicationServices.framework/Versions/A/ApplicationServices
0x00000000062c2000 	/usr/lib/libz.1.dylib
0x00000000062c2000 	/usr/lib/libSystem.B.dylib
0x00000000062c2000 	/usr/lib/libobjc.A.dylib
0x00000000062c2000 	/System/Library/Frameworks/CoreFoundation.framework/Versions/A/CoreFoundation
0x00000000062c2000 	/System/Library/Frameworks/Foundation.framework/Versions/C/Foundation
0x00000000062c2000 	/System/Library/Frameworks/AppKit.framework/Versions/C/AppKit
0x00000000062c2000 	/System/Library/Frameworks/CoreData.framework/Versions/A/CoreData
0x00000000062c2000 	/System/Library/PrivateFrameworks/RemoteViewServices.framework/Versions/A/RemoteViewServices
0x00000000062c2000 	/System/Library/Frameworks/AudioToolbox.framework/Versions/A/AudioToolbox
0x00000000062c2000 	/System/Library/Frameworks/AudioUnit.framework/Versions/A/AudioUnit
0x00000000062c2000 	/System/Library/PrivateFrameworks/DataDetectorsCore.framework/Versions/A/DataDetectorsCore
0x00000000062c2000 	/System/Library/PrivateFrameworks/DesktopServicesPriv.framework/Versions/A/DesktopServicesPriv
0x00000000062c2000 	/System/Library/Frameworks/Carbon.framework/Versions/A/Frameworks/HIToolbox.framework/Versions/A/HIToolbox
0x00000000062c2000 	/System/Library/Frameworks/QuartzCore.framework/Versions/A/QuartzCore
0x00000000062c2000 	/System/Library/Frameworks/Carbon.framework/Versions/A/Frameworks/SpeechRecognition.framework/Versions/A/SpeechRecognition
0x00000000062c2000 	/usr/lib/libauto.dylib
0x00000000062c2000 	/usr/lib/libicucore.A.dylib
0x00000000062c2000 	/usr/lib/libxml2.2.dylib
0x00000000062c2000 	/System/Library/PrivateFrameworks/CoreUI.framework/Versions/A/CoreUI
0x00000000062c2000 	/System/Library/Frameworks/CoreAudio.framework/Versions/A/CoreAudio
0x00000000062c2000 	/System/Library/Frameworks/DiskArbitration.framework/Versions/A/DiskArbitration
0x00000000062c2000 	/usr/lib/liblangid.dylib
0x00000000062c2000 	/System/Library/PrivateFrameworks/MultitouchSupport.framework/Versions/A/MultitouchSupport
0x00000000062c2000 	/System/Library/Frameworks/IOKit.framework/Versions/A/IOKit
0x00000000062c2000 	/usr/lib/libDiagnosticMessagesClient.dylib
0x00000000062c2000 	/System/Library/Frameworks/CoreServices.framework/Versions/A/CoreServices
0x00000000062c2000 	/System/Library/PrivateFrameworks/PerformanceAnalysis.framework/Versions/A/PerformanceAnalysis
0x00000000062c2000 	/System/Library/PrivateFrameworks/GenerationalStorage.framework/Versions/A/GenerationalStorage
0x00000000062c2000 	/System/Library/Frameworks/OpenGL.framework/Versions/A/OpenGL
0x00000000062c2000 	/System/Library/PrivateFrameworks/Sharing.framework/Versions/A/Sharing
0x00000000062c2000 	/System/Library/Frameworks/ImageIO.framework/Versions/A/ImageIO
0x00000000062c2000 	/System/Library/Frameworks/CoreText.framework/Versions/A/CoreText
0x00000000062c2000 	/System/Library/Frameworks/CoreGraphics.framework/Versions/A/CoreGraphics
0x00000000062c2000 	/System/Library/PrivateFrameworks/Backup.framework/Versions/A/Backup
0x00000000062c2000 	/System/Library/Frameworks/CFNetwork.framework/Versions/A/CFNetwork
0x00000000062c2000 	/System/Library/Frameworks/SystemConfiguration.framework/Versions/A/SystemConfiguration
0x00000000062c2000 	/usr/lib/libCRFSuite.dylib
0x00000000062c2000 	/usr/lib/libc++.1.dylib
0x00000000062c2000 	/usr/lib/libc++abi.dylib
0x00000000062c2000 	/usr/lib/system/libcache.dylib
0x00000000062c2000 	/usr/lib/system/libcommonCrypto.dylib
0x00000000062c2000 	/usr/lib/system/libcompiler_rt.dylib
0x00000000062c2000 	/usr/lib/system/libcopyfile.dylib
0x00000000062c2000 	/usr/lib/system/libcorecrypto.dylib
0x00000000062c2000 	/usr/lib/system/libdispatch.dylib
0x00000000062c2000 	/usr/lib/system/libdyld.dylib
0x00000000062c2000 	/usr/lib/system/libkeymgr.dylib
0x00000000062c2000 	/usr/lib/system/liblaunch.dylib
0x00000000062c2000 	/usr/lib/system/libmacho.dylib
0x00000000062c2000 	/usr/lib/system/libquarantine.dylib
0x00000000062c2000 	/usr/lib/system/libremovefile.dylib
0x00000000062c2000 	/usr/lib/system/libsystem_asl.dylib
0x00000000062c2000 	/usr/lib/system/libsystem_blocks.dylib
0x00000000062c2000 	/usr/lib/system/libsystem_c.dylib
0x00000000062c2000 	/usr/lib/system/libsystem_configuration.dylib
0x00000000062c2000 	/usr/lib/system/libsystem_dnssd.dylib
0x00000000062c2000 	/usr/lib/system/libsystem_info.dylib
0x00000000062c2000 	/usr/lib/system/libsystem_kernel.dylib
0x00000000062c2000 	/usr/lib/system/libsystem_m.dylib
0x00000000062c2000 	/usr/lib/system/libsystem_malloc.dylib
0x00000000062c2000 	/usr/lib/system/libsystem_network.dylib
0x00000000062c2000 	/usr/lib/system/libsystem_notify.dylib
0x00000000062c2000 	/usr/lib/system/libsystem_platform.dylib
0x00000000062c2000 	/usr/lib/system/libsystem_pthread.dylib
0x00000000062c2000 	/usr/lib/system/libsystem_sandbox.dylib
0x00000000062c2000 	/usr/lib/system/libsystem_stats.dylib
0x00000000062c2000 	/usr/lib/system/libunc.dylib
0x00000000062c2000 	/usr/lib/system/libunwind.dylib
0x00000000062c2000 	/usr/lib/system/libxpc.dylib
0x00000000062c2000 	/usr/lib/libbsm.0.dylib
0x00000000062c2000 	/usr/lib/libsqlite3.dylib
0x00000000062c2000 	/usr/lib/libxar.1.dylib
0x00000000062c2000 	/usr/lib/libpam.2.dylib
0x00000000062c2000 	/usr/lib/libOpenScriptingUtil.dylib
0x00000000062c2000 	/usr/lib/libbz2.1.0.dylib
0x00000000062c2000 	/System/Library/Frameworks/CoreServices.framework/Versions/A/Frameworks/CarbonCore.framework/Versions/A/CarbonCore
0x00000000062c2000 	/System/Library/Frameworks/CoreServices.framework/Versions/A/Frameworks/Metadata.framework/Versions/A/Metadata
0x00000000062c2000 	/System/Library/Frameworks/CoreServices.framework/Versions/A/Frameworks/OSServices.framework/Versions/A/OSServices
0x00000000062c2000 	/System/Library/Frameworks/CoreServices.framework/Versions/A/Frameworks/SearchKit.framework/Versions/A/SearchKit
0x00000000062c2000 	/System/Library/Frameworks/CoreServices.framework/Versions/A/Frameworks/AE.framework/Versions/A/AE
0x00000000062c2000 	/System/Library/Frameworks/CoreServices.framework/Versions/A/Frameworks/LaunchServices.framework/Versions/A/LaunchServices
0x00000000062c2000 	/System/Library/Frameworks/CoreServices.framework/Versions/A/Frameworks/DictionaryServices.framework/Versions/A/DictionaryServices
0x00000000062c2000 	/System/Library/Frameworks/NetFS.framework/Versions/A/NetFS
0x00000000062c2000 	/usr/lib/system/libkxld.dylib
0x00000000062c2000 	/System/Library/PrivateFrameworks/NetAuth.framework/Versions/A/NetAuth
0x00000000062c2000 	/System/Library/PrivateFrameworks/TCC.framework/Versions/A/TCC
0x00000000062c2000 	/System/Library/Frameworks/OpenDirectory.framework/Versions/A/Frameworks/CFOpenDirectory.framework/Versions/A/CFOpenDirectory
0x00000000062c2000 	/System/Library/Frameworks/ServiceManagement.framework/Versions/A/ServiceManagement
0x00000000062c2000 	/usr/lib/libxslt.1.dylib
0x00000000062c2000 	/System/Library/Frameworks/Carbon.framework/Versions/A/Frameworks/Ink.framework/Versions/A/Ink
0x00000000062c2000 	/System/Library/Frameworks/ApplicationServices.framework/Versions/A/Frameworks/ATS.framework/Versions/A/ATS
0x00000000062c2000 	/System/Library/Frameworks/ApplicationServices.framework/Versions/A/Frameworks/ColorSync.framework/Versions/A/ColorSync
0x00000000062c2000 	/System/Library/Frameworks/ApplicationServices.framework/Versions/A/Frameworks/HIServices.framework/Versions/A/HIServices
0x00000000062c2000 	/System/Library/Frameworks/ApplicationServices.framework/Versions/A/Frameworks/LangAnalysis.framework/Versions/A/LangAnalysis
0x00000000062c2000 	/System/Library/Frameworks/ApplicationServices.framework/Versions/A/Frameworks/PrintCore.framework/Versions/A/PrintCore
0x00000000062c2000 	/System/Library/Frameworks/ApplicationServices.framework/Versions/A/Frameworks/QD.framework/Versions/A/QD
0x00000000062c2000 	/System/Library/Frameworks/ApplicationServices.framework/Versions/A/Frameworks/SpeechSynthesis.framework/Versions/A/SpeechSynthesis
0x00000000062c2000 	/System/Library/Frameworks/IOSurface.framework/Versions/A/IOSurface
0x00000000062c2000 	/System/Library/Frameworks/Accelerate.framework/Versions/A/Accelerate
0x00000000062c2000 	/System/Library/Frameworks/Accelerate.framework/Versions/A/Frameworks/vImage.framework/Versions/A/vImage
0x00000000062c2000 	/System/Library/Frameworks/Accelerate.framework/Versions/A/Frameworks/vecLib.framework/Versions/A/vecLib
0x00000000062c2000 	/System/Library/Frameworks/Accelerate.framework/Versions/A/Frameworks/vecLib.framework/Versions/A/libvDSP.dylib
0x00000000062c2000 	/System/Library/Frameworks/Accelerate.framework/Versions/A/Frameworks/vecLib.framework/Versions/A/libvMisc.dylib
0x00000000062c2000 	/System/Library/Frameworks/Accelerate.framework/Versions/A/Frameworks/vecLib.framework/Versions/A/libLAPACK.dylib
0x00000000062c2000 	/System/Library/Frameworks/Accelerate.framework/Versions/A/Frameworks/vecLib.framework/Versions/A/libBLAS.dylib
0x00000000062c2000 	/System/Library/Frameworks/ApplicationServices.framework/Versions/A/Frameworks/ATS.framework/Versions/A/Resources/libFontParser.dylib
0x00000000062c2000 	/System/Library/Frameworks/ApplicationServices.framework/Versions/A/Frameworks/ATS.framework/Versions/A/Resources/libFontRegistry.dylib
0x00000000062c2000 	/System/Library/Frameworks/ImageIO.framework/Versions/A/Resources/libJPEG.dylib
0x00000000062c2000 	/System/Library/Frameworks/ImageIO.framework/Versions/A/Resources/libTIFF.dylib
0x00000000062c2000 	/System/Library/Frameworks/ImageIO.framework/Versions/A/Resources/libPng.dylib
0x00000000062c2000 	/System/Library/Frameworks/ImageIO.framework/Versions/A/Resources/libGIF.dylib
0x00000000062c2000 	/System/Library/Frameworks/ImageIO.framework/Versions/A/Resources/libJP2.dylib
0x00000000062c2000 	/System/Library/Frameworks/ImageIO.framework/Versions/A/Resources/libRadiance.dylib
0x00000000062c2000 	/usr/lib/libcups.2.dylib
0x00000000062c2000 	/System/Library/Frameworks/Kerberos.framework/Versions/A/Kerberos
0x00000000062c2000 	/System/Library/Frameworks/GSS.framework/Versions/A/GSS
0x00000000062c2000 	/usr/lib/libresolv.9.dylib
0x00000000062c2000 	/usr/lib/libiconv.2.dylib
0x00000000062c2000 	/System/Library/PrivateFrameworks/Heimdal.framework/Versions/A/Heimdal
0x00000000062c2000 	/System/Library/PrivateFrameworks/TrustEvaluationAgent.framework/Versions/A/TrustEvaluationAgent
0x00000000062c2000 	/usr/lib/libheimdal-asn1.dylib
0x00000000062c2000 	/System/Library/Frameworks/OpenDirectory.framework/Versions/A/OpenDirectory
0x00000000062c2000 	/System/Library/PrivateFrameworks/CommonAuth.framework/Versions/A/CommonAuth
0x00000000062c2000 	/System/Library/Frameworks/SecurityFoundation.framework/Versions/A/SecurityFoundation
0x00000000062c2000 	/System/Library/PrivateFrameworks/Bom.framework/Versions/A/Bom
0x00000000062c2000 	/System/Library/Frameworks/CoreVideo.framework/Versions/A/CoreVideo
0x00000000062c2000 	/System/Library/Frameworks/QuartzCore.framework/Versions/A/Frameworks/CoreImage.framework/Versions/A/CoreImage
0x00000000062c2000 	/System/Library/Frameworks/QuartzCore.framework/Versions/A/Frameworks/ScalableUserInterface.framework/Versions/A/ScalableUserInterface
0x00000000062c2000 	/System/Library/Frameworks/OpenGL.framework/Versions/A/Libraries/libGLU.dylib
0x00000000062c2000 	/System/Library/Frameworks/OpenGL.framework/Versions/A/Libraries/libGFXShared.dylib
0x00000000062c2000 	/System/Library/Frameworks/OpenGL.framework/Versions/A/Libraries/libGL.dylib
0x00000000062c2000 	/System/Library/Frameworks/OpenGL.framework/Versions/A/Libraries/libGLImage.dylib
0x00000000062c2000 	/System/Library/Frameworks/OpenGL.framework/Versions/A/Libraries/libCVMSPluginSupport.dylib
0x00000000062c2000 	/System/Library/Frameworks/OpenGL.framework/Versions/A/Libraries/libCoreVMClient.dylib
0x00000000062c2000 	/System/Library/PrivateFrameworks/FaceCore.framework/Versions/A/FaceCore
0x00000000062c2000 	/System/Library/PrivateFrameworks/CrashReporterSupport.framework/Versions/A/CrashReporterSupport
0x00000000062c2000 	/System/Library/Frameworks/OpenCL.framework/Versions/A/OpenCL
0x00000000062c2000 	/System/Library/PrivateFrameworks/AppleFSCompression.framework/Versions/A/AppleFSCompression
0x00000000062c2000 	/System/Library/PrivateFrameworks/Ubiquity.framework/Versions/A/Ubiquity
0x00000000062c2000 	/System/Library/PrivateFrameworks/IconServices.framework/Versions/A/IconServices
0x00000000062c2000 	/System/Library/PrivateFrameworks/ChunkingLibrary.framework/Versions/A/ChunkingLibrary
0x00000000062c2000 	/System/Library/PrivateFrameworks/CoreSymbolication.framework/Versions/A/CoreSymbolication
0x00000000062c2000 	/System/Library/PrivateFrameworks/Symbolication.framework/Versions/A/Symbolication
0x00000000062c2000 	/System/Library/PrivateFrameworks/DebugSymbols.framework/Versions/A/DebugSymbols
0x000000010d200000 	/Library/Java/JavaVirtualMachines/jdk1.8.0_25.jdk/Contents/Home/jre/lib/server/libjvm.dylib
0x00000000062c2000 	/usr/lib/libstdc++.6.dylib
0x000000010c18d000 	/Library/Java/JavaVirtualMachines/jdk1.8.0_25.jdk/Contents/Home/jre/lib/libverify.dylib
0x000000010c19b000 	/Library/Java/JavaVirtualMachines/jdk1.8.0_25.jdk/Contents/Home/jre/lib/libjava.dylib
0x000000010c1d8000 	/Library/Java/JavaVirtualMachines/jdk1.8.0_25.jdk/Contents/Home/jre/lib/libzip.dylib
0x000000010c1e2000 	/System/Library/Frameworks/JavaVM.framework/Frameworks/JavaRuntimeSupport.framework/JavaRuntimeSupport
0x000000012521c000 	/System/Library/Frameworks/JavaVM.framework/Versions/A/Frameworks/JavaNativeFoundation.framework/Versions/A/JavaNativeFoundation
0x0000000125231000 	/System/Library/Frameworks/JavaVM.framework/Versions/A/JavaVM
0x00000000062c2000 	/System/Library/Frameworks/Carbon.framework/Versions/A/Carbon
0x000000012523e000 	/System/Library/PrivateFrameworks/JavaLaunching.framework/Versions/A/JavaLaunching
0x00000000062c2000 	/System/Library/Frameworks/Carbon.framework/Versions/A/Frameworks/CommonPanels.framework/Versions/A/CommonPanels
0x00000000062c2000 	/System/Library/Frameworks/Carbon.framework/Versions/A/Frameworks/Help.framework/Versions/A/Help
0x00000000062c2000 	/System/Library/Frameworks/Carbon.framework/Versions/A/Frameworks/ImageCapture.framework/Versions/A/ImageCapture
0x00000000062c2000 	/System/Library/Frameworks/Carbon.framework/Versions/A/Frameworks/OpenScripting.framework/Versions/A/OpenScripting
0x00000000062c2000 	/System/Library/Frameworks/Carbon.framework/Versions/A/Frameworks/Print.framework/Versions/A/Print
0x00000000062c2000 	/System/Library/Frameworks/Carbon.framework/Versions/A/Frameworks/SecurityHI.framework/Versions/A/SecurityHI
0x00000001259ed000 	/Users/Simon/Documents/SpaceGame/lib/natives/liblwjgl.dylib
0x0000000125a4e000 	/Users/Simon/Documents/SpaceGame/lib/natives/libjemalloc.dylib
0x0000000125a88000 	/Users/Simon/Documents/SpaceGame/lib/natives/libglfw.dylib
0x00000000062c2000 	/System/Library/PrivateFrameworks/CoreServicesInternal.framework/Versions/A/CoreServicesInternal
0x00000000062c2000 	/System/Library/PrivateFrameworks/Librarian.framework/Versions/A/Librarian
0x00000000062c2000 	/System/Library/PrivateFrameworks/FamilyControls.framework/Versions/A/FamilyControls
0x00000000062c2000 	/System/Library/PrivateFrameworks/CommerceKit.framework/Versions/A/Frameworks/CommerceCore.framework/Versions/A/CommerceCore
0x00000000062c2000 	/System/Library/PrivateFrameworks/SystemAdministration.framework/Versions/A/SystemAdministration
0x00000000062c2000 	/System/Library/Frameworks/DirectoryService.framework/Versions/A/DirectoryService
0x00000000062c2000 	/System/Library/PrivateFrameworks/DiskImages.framework/Versions/A/DiskImages
0x00000000062c2000 	/System/Library/PrivateFrameworks/LoginUIKit.framework/Versions/A/Frameworks/LoginUICore.framework/Versions/A/LoginUICore
0x00000000062c2000 	/usr/lib/libCoreStorage.dylib
0x00000000062c2000 	/usr/lib/libcsfde.dylib
0x00000000062c2000 	/usr/lib/libodfde.dylib
0x00000000062c2000 	/System/Library/Frameworks/DiscRecording.framework/Versions/A/DiscRecording
0x00000000062c2000 	/usr/lib/libcurl.4.dylib
0x00000000062c2000 	/System/Library/PrivateFrameworks/MediaKit.framework/Versions/A/MediaKit
0x00000000062c2000 	/System/Library/PrivateFrameworks/EFILogin.framework/Versions/A/EFILogin
0x00000000062c2000 	/usr/lib/libutil.dylib
0x00000000062c2000 	/System/Library/PrivateFrameworks/AOSNotification.framework/Versions/A/AOSNotification
0x00000000062c2000 	/System/Library/Frameworks/LDAP.framework/Versions/A/LDAP
0x00000000062c2000 	/usr/lib/libsasl2.2.dylib
0x00000000062c2000 	/usr/lib/libcrypto.0.9.8.dylib
0x00000000062c2000 	/usr/lib/libssl.0.9.8.dylib
0x00000000062c2000 	/System/Library/Frameworks/CoreGraphics.framework/Versions/A/Resources/libCGCMS.A.dylib
0x00000000062c2000 	/System/Library/Frameworks/CoreGraphics.framework/Versions/A/Resources/libRIP.A.dylib
0x00000000062c2000 	/System/Library/Frameworks/OpenGL.framework/Versions/A/Resources/GLEngine.bundle/GLEngine
0x00000000062c2000 	/System/Library/Frameworks/OpenGL.framework/Versions/A/Libraries/libGLProgrammability.dylib
0x000000012939c000 	/System/Library/Extensions/AppleIntelHD4000GraphicsGLDriver.bundle/Contents/MacOS/AppleIntelHD4000GraphicsGLDriver
0x00000000062c2000 	/System/Library/PrivateFrameworks/IOAccelerator.framework/Versions/A/IOAccelerator
0x00000000062c2000 	/System/Library/PrivateFrameworks/GPUSupport.framework/Versions/A/Libraries/libGPUSupportMercury.dylib
0x0000000000000000 	/System/Library/Extensions/GeForceGLDriver.bundle/Contents/MacOS/GeForceGLDriver
0x00000000062c2000 	/System/Library/Extensions/GeForceGLDriver.bundle/Contents/MacOS/libclh.dylib
0x00000000062c2000 	/System/Library/Frameworks/OpenGL.framework/Versions/A/Resources/GLRendererFloat.bundle/GLRendererFloat
0x00000000062c2000 	/System/Library/Frameworks/OpenCL.framework/Versions/A/Libraries/libcldcpuengine.dylib
0x00000000062c2000 	/System/Library/Frameworks/CoreGraphics.framework/Versions/A/Resources/libCGXType.A.dylib
0x000000012a90e000 	cl_kernels
0x000000012c3a0000 	/System/Library/Frameworks/OpenCL.framework/Versions/A/Libraries/ImageFormats/unorm8_bgra.dylib
0x000000012c55e000 	cl_kernels
0x000000012c54e000 	cl_kernels
0x000000012c554000 	cl_kernels
0x000000012c561000 	/System/Library/Frameworks/OpenCL.framework/Versions/A/Libraries/ImageFormats/unorm8_argb.dylib

VM Arguments:
jvm_args: -Djava.library.path=/Users/Simon/Documents/SpaceGame/lib/natives -Dfile.encoding=UTF-8 
java_command: GUI.Window
java_class_path (initial): /Users/Simon/Documents/SpaceGame/bin:/Users/Simon/Documents/SpaceGame/lib/jars/lwjgl.jar
Launcher Type: SUN_STANDARD

Environment Variables:
PATH=/usr/bin:/bin:/usr/sbin:/sbin
SHELL=/bin/bash
DISPLAY=/tmp/launch-QUo86Z/org.macosforge.xquartz:0

Signal Handlers:
SIGSEGV: [libjvm.dylib+0x579dc7], sa_mask[0]=11111111011111110111111111111111, sa_flags=SA_ONSTACK|SA_RESTART|SA_SIGINFO
SIGBUS: [libjvm.dylib+0x579dc7], sa_mask[0]=11111111011111110111111111111111, sa_flags=SA_RESTART|SA_SIGINFO
SIGFPE: [libjvm.dylib+0x45b030], sa_mask[0]=11111111011111110111111111111111, sa_flags=SA_RESTART|SA_SIGINFO
SIGPIPE: [libjvm.dylib+0x45b030], sa_mask[0]=11111111011111110111111111111111, sa_flags=SA_RESTART|SA_SIGINFO
SIGXFSZ: [libjvm.dylib+0x45b030], sa_mask[0]=11111111011111110111111111111111, sa_flags=SA_RESTART|SA_SIGINFO
SIGILL: [libjvm.dylib+0x45b030], sa_mask[0]=11111111011111110111111111111111, sa_flags=SA_RESTART|SA_SIGINFO
SIGUSR1: SIG_DFL, sa_mask[0]=00000000000000000000000000000000, sa_flags=SA_RESTART
SIGUSR2: [libjvm.dylib+0x45ab4e], sa_mask[0]=00100000000000000000000000000000, sa_flags=SA_RESTART|SA_SIGINFO
SIGHUP: [libjvm.dylib+0x459121], sa_mask[0]=11111111011111110111111111111111, sa_flags=SA_RESTART|SA_SIGINFO
SIGINT: [libjvm.dylib+0x459121], sa_mask[0]=11111111011111110111111111111111, sa_flags=SA_RESTART|SA_SIGINFO
SIGTERM: [libjvm.dylib+0x459121], sa_mask[0]=11111111011111110111111111111111, sa_flags=SA_RESTART|SA_SIGINFO
SIGQUIT: [libjvm.dylib+0x459121], sa_mask[0]=11111111011111110111111111111111, sa_flags=SA_RESTART|SA_SIGINFO


---------------  S Y S T E M  ---------------

OS:Bsduname:Darwin 13.4.0 Darwin Kernel Version 13.4.0: Wed Mar 18 16:20:14 PDT 2015; root:xnu-2422.115.14~1/RELEASE_X86_64 x86_64
rlimit: STACK 8192k, CORE 0k, NPROC 709, NOFILE 10240, AS infinity
load average:2.11 1.77 1.51

CPU:total 8 (4 cores per cpu, 2 threads per core) family 6 model 58 stepping 9, cmov, cx8, fxsr, mmx, sse, sse2, sse3, ssse3, sse4.1, sse4.2, popcnt, avx, aes, clmul, erms, ht, tsc, tscinvbit, tscinv

Memory: 4k page, physical 8388608k(301108k free)

/proc/meminfo:


vm_info: Java HotSpot(TM) 64-Bit Server VM (25.25-b02) for bsd-amd64 JRE (1.8.0_25-b17), built on Sep 17 2014 16:56:50 by "java_re" with gcc 4.2.1 (Based on Apple Inc. build 5658) (LLVM build 2336.11.00)

time: Thu May 12 12:56:40 2016
elapsed time: 68 seconds (0d 0h 1m 8s)

